2019-03-21 09:34:45 +0000  Initial pipeline context: <IDEDistributionProcessingPipelineContext: 0x7fb759cf7690; archive(resolved)='<IDEArchive: 0x7fb757cf5430>', distributionTask(resolved)='2', distributionDestination(resolved)='1', distributionMethod(resolved)='<IDEDistributionMethodiOSEnterprise: 0x7fb757b2e1c0>', team(resolved)='<IDEProvisioningDisambiguatableBasicTeam: 0x7fb7561bbe60; teamID='9ZQRUSN6XW', teamName='Suzhou Yunxue Times Technology Co., Ltd.', teamType='Enterprise', username='support@mofangge.com', isFreeProvisioningTeam='0'>'>
	Chain (12, self inclusive):
	<IDEDistributionProcessingPipelineContext: 0x7fb759cf7690; archive = '<IDEArchive: 0x7fb757cf5430>', distributionMethod='<IDEDistributionMethodiOSEnterprise: 0x7fb757b2e1c0>', team='<IDEProvisioningDisambiguatableBasicTeam: 0x7fb7561bbe60; teamID='9ZQRUSN6XW', teamName='Suzhou Yunxue Times Technology Co., Ltd.', teamType='Enterprise', username='support@mofangge.com', isFreeProvisioningTeam='0'>'>
	<IDEDistributionProcessingPipelineContext: 0x7fb73d6ce7b0; archive = '<IDEArchive: 0x7fb757cf5430>', distributionMethod='<IDEDistributionMethodiOSEnterprise: 0x7fb757b2e1c0>', team='<IDEProvisioningDisambiguatableBasicTeam: 0x7fb7561bbe60; teamID='9ZQRUSN6XW', teamName='Suzhou Yunxue Times Technology Co., Ltd.', teamType='Enterprise', username='support@mofangge.com', isFreeProvisioningTeam='0'>'>
	<IDEDistributionContext: 0x7fb73ec7a630; archive = '<IDEArchive: 0x7fb757cf5430>', distributionMethod='<IDEDistributionMethodiOSEnterprise: 0x7fb757b2e1c0>', team='<IDEProvisioningDisambiguatableBasicTeam: 0x7fb7561bbe60; teamID='9ZQRUSN6XW', teamName='Suzhou Yunxue Times Technology Co., Ltd.', teamType='Enterprise', username='support@mofangge.com', isFreeProvisioningTeam='0'>'>
	<IDEDistributionContext: 0x7fb73f9b6e60; archive = '<IDEArchive: 0x7fb757cf5430>', distributionMethod='<IDEDistributionMethodiOSEnterprise: 0x7fb757b2e1c0>', team='<IDEProvisioningDisambiguatableBasicTeam: 0x7fb7561bbe60; teamID='9ZQRUSN6XW', teamName='Suzhou Yunxue Times Technology Co., Ltd.', teamType='Enterprise', username='support@mofangge.com', isFreeProvisioningTeam='0'>'>
	<IDEDistributionContext: 0x7fb73eabf760; archive = '<IDEArchive: 0x7fb757cf5430>', distributionMethod='<IDEDistributionMethodiOSEnterprise: 0x7fb757b2e1c0>', team='<IDEProvisioningDisambiguatableBasicTeam: 0x7fb7561bbe60; teamID='9ZQRUSN6XW', teamName='Suzhou Yunxue Times Technology Co., Ltd.', teamType='Enterprise', username='support@mofangge.com', isFreeProvisioningTeam='0'>'>
	<IDEDistributionContext: 0x7fb757917e10; archive = '<IDEArchive: 0x7fb757cf5430>', distributionMethod='<IDEDistributionMethodiOSEnterprise: 0x7fb757b2e1c0>', team='<IDEProvisioningDisambiguatableBasicTeam: 0x7fb7561bbe60; teamID='9ZQRUSN6XW', teamName='Suzhou Yunxue Times Technology Co., Ltd.', teamType='Enterprise', username='support@mofangge.com', isFreeProvisioningTeam='0'>'>
	<IDEDistributionContext: 0x7fb75b3be910; archive = '<IDEArchive: 0x7fb757cf5430>', distributionMethod='<IDEDistributionMethodiOSEnterprise: 0x7fb757b2e1c0>', team='<IDEProvisioningDisambiguatableBasicTeam: 0x7fb7561bbe60; teamID='9ZQRUSN6XW', teamName='Suzhou Yunxue Times Technology Co., Ltd.', teamType='Enterprise', username='support@mofangge.com', isFreeProvisioningTeam='0'>'>
	<IDEDistributionContext: 0x7fb759fc7630; archive = '<IDEArchive: 0x7fb757cf5430>', distributionMethod='<IDEDistributionMethodiOSEnterprise: 0x7fb757b2e1c0>', team='<IDEProvisioningDisambiguatableBasicTeam: 0x7fb7561bbe60; teamID='9ZQRUSN6XW', teamName='Suzhou Yunxue Times Technology Co., Ltd.', teamType='Enterprise', username='support@mofangge.com', isFreeProvisioningTeam='0'>'>
	<IDEDistributionContext: 0x7fb73f064630; archive = '<IDEArchive: 0x7fb757cf5430>', distributionMethod='<IDEDistributionMethodiOSEnterprise: 0x7fb757b2e1c0>', team='<IDEProvisioningDisambiguatableBasicTeam: 0x7fb7561bbe60; teamID='9ZQRUSN6XW', teamName='Suzhou Yunxue Times Technology Co., Ltd.', teamType='Enterprise', username='support@mofangge.com', isFreeProvisioningTeam='0'>'>
	<IDEDistributionContext: 0x7fb73f822020; archive = '<IDEArchive: 0x7fb757cf5430>', distributionMethod='<IDEDistributionMethodiOSEnterprise: 0x7fb757b2e1c0>', team='(null)'>
	<IDEDistributionContext: 0x7fb73d767150; archive = '<IDEArchive: 0x7fb757cf5430>', distributionMethod='<IDEDistributionMethodiOSEnterprise: 0x7fb757b2e1c0>', team='(null)'>
	<IDEDistributionContext: 0x7fb759f608e0; archive = '<IDEArchive: 0x7fb757cf5430>', distributionMethod='(null)', team='(null)'>
</IDEDistributionProcessingPipelineContext: 0x7fb759cf7690>
2019-03-21 09:34:45 +0000  Processing step: IDEDistributionCreateDestRootStep
2019-03-21 09:34:45 +0000  Processing step: IDEDistributionCopyItemStep
2019-03-21 09:34:45 +0000  Running /usr/bin/ditto '-V' '/Users/tianliqiang/Library/Developer/Xcode/Archives/2019-03-21/RootDirectory 2019-3-21, 5.05 PM.xcarchive/Products/Applications/RootDirectory.app' '/var/folders/6z/xrqlgq1575950j9sn89gqyhw0000gn/T/XcodeDistPipeline.RXZ/Root/Payload/RootDirectory.app'
2019-03-21 09:34:45 +0000  >>> Copying /Users/tianliqiang/Library/Developer/Xcode/Archives/2019-03-21/RootDirectory 2019-3-21, 5.05 PM.xcarchive/Products/Applications/RootDirectory.app 
2019-03-21 09:34:45 +0000  copying file ./_CodeSignature/CodeResources ... 
2019-03-21 09:34:45 +0000  71622 bytes for ./_CodeSignature/CodeResources
2019-03-21 09:34:45 +0000  copying file ./LoginView.nib/objects-11.0+.nib ... 
2019-03-21 09:34:45 +0000  9173 bytes for ./LoginView.nib/objects-11.0+.nib
copying file ./LoginView.nib/runtime.nib ... 
2019-03-21 09:34:45 +0000  8513 bytes for ./LoginView.nib/runtime.nib
2019-03-21 09:34:45 +0000  copying file ./ClassingOverView.nib/objects-11.0+.nib ... 
2019-03-21 09:34:45 +0000  5497 bytes for ./ClassingOverView.nib/objects-11.0+.nib
2019-03-21 09:34:45 +0000  copying file ./ClassingOverView.nib/runtime.nib ... 
2019-03-21 09:34:45 +0000  4840 bytes for ./ClassingOverView.nib/runtime.nib
2019-03-21 09:34:45 +0000  copying file ./RootDirectory ... 
2019-03-21 09:34:45 +0000  5585936 bytes for ./RootDirectory
2019-03-21 09:34:45 +0000  copying file ./MyCell.nib ... 
4421 bytes for ./MyCell.nib
copying file ./VersionUpdatingView.nib/objects-11.0+.nib ... 
2019-03-21 09:34:45 +0000  4339 bytes for ./VersionUpdatingView.nib/objects-11.0+.nib
2019-03-21 09:34:45 +0000  copying file ./VersionUpdatingView.nib/runtime.nib ... 
2019-03-21 09:34:45 +0000  3675 bytes for ./VersionUpdatingView.nib/runtime.nib
2019-03-21 09:34:45 +0000  copying file ./StudentClassCell.nib ... 
2019-03-21 09:34:45 +0000  5070 bytes for ./StudentClassCell.nib
2019-03-21 09:34:45 +0000  copying file ./PhotoGraphView.nib/objects-11.0+.nib ... 
2019-03-21 09:34:45 +0000  3786 bytes for ./PhotoGraphView.nib/objects-11.0+.nib
2019-03-21 09:34:45 +0000  copying file ./PhotoGraphView.nib/runtime.nib ... 
2019-03-21 09:34:45 +0000  3122 bytes for ./PhotoGraphView.nib/runtime.nib
2019-03-21 09:34:45 +0000  copying file ./ObtainCoinHeadView.nib/objects-11.0+.nib ... 
2019-03-21 09:34:45 +0000  5985 bytes for ./ObtainCoinHeadView.nib/objects-11.0+.nib
2019-03-21 09:34:45 +0000  copying file ./ObtainCoinHeadView.nib/runtime.nib ... 
2019-03-21 09:34:45 +0000  5315 bytes for ./ObtainCoinHeadView.nib/runtime.nib
2019-03-21 09:34:45 +0000  copying file ./NorEnterCell.nib ... 
2019-03-21 09:34:45 +0000  5145 bytes for ./NorEnterCell.nib
2019-03-21 09:34:45 +0000  copying file ./SearchClassSectionView.nib/objects-11.0+.nib ... 
2019-03-21 09:34:45 +0000  3434 bytes for ./SearchClassSectionView.nib/objects-11.0+.nib
2019-03-21 09:34:45 +0000  copying file ./SearchClassSectionView.nib/runtime.nib ... 
2019-03-21 09:34:45 +0000  2771 bytes for ./SearchClassSectionView.nib/runtime.nib
2019-03-21 09:34:45 +0000  copying file ./StudentDetailView.nib/objects-11.0+.nib ... 
2019-03-21 09:34:45 +0000  15555 bytes for ./StudentDetailView.nib/objects-11.0+.nib
2019-03-21 09:34:45 +0000  copying file ./StudentDetailView.nib/runtime.nib ... 
2019-03-21 09:34:45 +0000  14896 bytes for ./StudentDetailView.nib/runtime.nib
2019-03-21 09:34:45 +0000  copying file ./ClassTeamSectionView.nib/objects-11.0+.nib ... 
2019-03-21 09:34:45 +0000  5222 bytes for ./ClassTeamSectionView.nib/objects-11.0+.nib
2019-03-21 09:34:45 +0000  copying file ./ClassTeamSectionView.nib/runtime.nib ... 
2019-03-21 09:34:45 +0000  4563 bytes for ./ClassTeamSectionView.nib/runtime.nib
2019-03-21 09:34:45 +0000  copying file ./TagKindCell.nib ... 
2019-03-21 09:34:45 +0000  4475 bytes for ./TagKindCell.nib
2019-03-21 09:34:45 +0000  copying file ./SplendidTagList.plist ... 
2019-03-21 09:34:45 +0000  225 bytes for ./SplendidTagList.plist
2019-03-21 09:34:45 +0000  copying file ./ClassOverHeadView.nib/objects-11.0+.nib ... 
2019-03-21 09:34:45 +0000  11007 bytes for ./ClassOverHeadView.nib/objects-11.0+.nib
2019-03-21 09:34:45 +0000  copying file ./ClassOverHeadView.nib/runtime.nib ... 
2019-03-21 09:34:45 +0000  10339 bytes for ./ClassOverHeadView.nib/runtime.nib
2019-03-21 09:34:45 +0000  copying file ./teachertest.mobileprovision ... 
2019-03-21 09:34:45 +0000  8056 bytes for ./teachertest.mobileprovision
2019-03-21 09:34:45 +0000  copying file ./ClassRecordCell.nib ... 
2019-03-21 09:34:45 +0000  6070 bytes for ./ClassRecordCell.nib
2019-03-21 09:34:45 +0000  copying file ./ChangePasswordView.nib/objects-11.0+.nib ... 
2019-03-21 09:34:45 +0000  5873 bytes for ./ChangePasswordView.nib/objects-11.0+.nib
2019-03-21 09:34:45 +0000  copying file ./ChangePasswordView.nib/runtime.nib ... 
2019-03-21 09:34:45 +0000  5209 bytes for ./ChangePasswordView.nib/runtime.nib
2019-03-21 09:34:45 +0000  copying file ./StudentCoinView.nib/objects-11.0+.nib ... 
2019-03-21 09:34:45 +0000  7358 bytes for ./StudentCoinView.nib/objects-11.0+.nib
2019-03-21 09:34:45 +0000  copying file ./StudentCoinView.nib/runtime.nib ... 
2019-03-21 09:34:45 +0000  6690 bytes for ./StudentCoinView.nib/runtime.nib
2019-03-21 09:34:45 +0000  copying file ./StudentsListCell.nib ... 
2019-03-21 09:34:45 +0000  6282 bytes for ./StudentsListCell.nib
2019-03-21 09:34:45 +0000  copying file ./ObtainCoinPersonCell.nib ... 
2019-03-21 09:34:45 +0000  8579 bytes for ./ObtainCoinPersonCell.nib
2019-03-21 09:34:45 +0000  copying file ./ClassingPersonCell.nib ... 
2019-03-21 09:34:45 +0000  7107 bytes for ./ClassingPersonCell.nib
2019-03-21 09:34:45 +0000  copying file ./TagKindView.nib/objects-11.0+.nib ... 
2019-03-21 09:34:45 +0000  3001 bytes for ./TagKindView.nib/objects-11.0+.nib
2019-03-21 09:34:45 +0000  copying file ./TagKindView.nib/runtime.nib ... 
2019-03-21 09:34:45 +0000  2344 bytes for ./TagKindView.nib/runtime.nib
2019-03-21 09:34:45 +0000  copying file ./MJRefresh.bundle/zh-Hans.lproj/Localizable.strings ... 
2019-03-21 09:34:45 +0000  1194 bytes for ./MJRefresh.bundle/zh-Hans.lproj/Localizable.strings
2019-03-21 09:34:45 +0000  copying file ./MJRefresh.bundle/en.lproj/Localizable.strings ... 
2019-03-21 09:34:45 +0000  691 bytes for ./MJRefresh.bundle/en.lproj/Localizable.strings
2019-03-21 09:34:45 +0000  copying file ./MJRefresh.bundle/arrow@2x.png ... 
2019-03-21 09:34:45 +0000  1033 bytes for ./MJRefresh.bundle/arrow@2x.png
2019-03-21 09:34:45 +0000  copying file ./MJRefresh.bundle/zh-Hant.lproj/Localizable.strings ... 
2019-03-21 09:34:45 +0000  773 bytes for ./MJRefresh.bundle/zh-Hant.lproj/Localizable.strings
2019-03-21 09:34:45 +0000  copying file ./StudentsTeamView.nib/objects-11.0+.nib ... 
2019-03-21 09:34:45 +0000  2638 bytes for ./StudentsTeamView.nib/objects-11.0+.nib
2019-03-21 09:34:45 +0000  copying file ./StudentsTeamView.nib/runtime.nib ... 
2019-03-21 09:34:45 +0000  1975 bytes for ./StudentsTeamView.nib/runtime.nib
2019-03-21 09:34:45 +0000  copying file ./IQKeyboardManager.bundle/IQButtonBarArrowRight@2x.png ... 
2019-03-21 09:34:45 +0000  1786 bytes for ./IQKeyboardManager.bundle/IQButtonBarArrowRight@2x.png
2019-03-21 09:34:45 +0000  copying file ./IQKeyboardManager.bundle/IQButtonBarArrowUp@3x.png ... 
2019-03-21 09:34:45 +0000  2164 bytes for ./IQKeyboardManager.bundle/IQButtonBarArrowUp@3x.png
2019-03-21 09:34:45 +0000  copying file ./IQKeyboardManager.bundle/IQButtonBarArrowUp@2x.png ... 
2019-03-21 09:34:45 +0000  1769 bytes for ./IQKeyboardManager.bundle/IQButtonBarArrowUp@2x.png
2019-03-21 09:34:45 +0000  copying file ./IQKeyboardManager.bundle/IQButtonBarArrowRight@3x.png ... 
2019-03-21 09:34:45 +0000  1844 bytes for ./IQKeyboardManager.bundle/IQButtonBarArrowRight@3x.png
2019-03-21 09:34:45 +0000  copying file ./IQKeyboardManager.bundle/IQButtonBarArrowLeft@3x.png ... 
2019-03-21 09:34:45 +0000  1815 bytes for ./IQKeyboardManager.bundle/IQButtonBarArrowLeft@3x.png
2019-03-21 09:34:45 +0000  copying file ./IQKeyboardManager.bundle/IQButtonBarArrowDown@3x.png ... 
2019-03-21 09:34:45 +0000  2177 bytes for ./IQKeyboardManager.bundle/IQButtonBarArrowDown@3x.png
2019-03-21 09:34:45 +0000  copying file ./IQKeyboardManager.bundle/IQButtonBarArrowDown@2x.png ... 
2019-03-21 09:34:45 +0000  1764 bytes for ./IQKeyboardManager.bundle/IQButtonBarArrowDown@2x.png
2019-03-21 09:34:45 +0000  copying file ./IQKeyboardManager.bundle/IQButtonBarArrowLeft@2x.png ... 
2019-03-21 09:34:45 +0000  1793 bytes for ./IQKeyboardManager.bundle/IQButtonBarArrowLeft@2x.png
2019-03-21 09:34:45 +0000  copying file ./SmartTeamCell.nib ... 
2019-03-21 09:34:45 +0000  4385 bytes for ./SmartTeamCell.nib
2019-03-21 09:34:45 +0000  copying file ./ClassDetailHeadView.nib/objects-11.0+.nib ... 
2019-03-21 09:34:45 +0000  8150 bytes for ./ClassDetailHeadView.nib/objects-11.0+.nib
2019-03-21 09:34:45 +0000  copying file ./ClassDetailHeadView.nib/runtime.nib ... 
2019-03-21 09:34:45 +0000  7485 bytes for ./ClassDetailHeadView.nib/runtime.nib
2019-03-21 09:34:45 +0000  copying file ./ClassDetailSectionHeadView.nib/objects-11.0+.nib ... 
2019-03-21 09:34:45 +0000  3454 bytes for ./ClassDetailSectionHeadView.nib/objects-11.0+.nib
2019-03-21 09:34:45 +0000  copying file ./ClassDetailSectionHeadView.nib/runtime.nib ... 
2019-03-21 09:34:45 +0000  2789 bytes for ./ClassDetailSectionHeadView.nib/runtime.nib
2019-03-21 09:34:45 +0000  copying file ./AboutFinishClassCell.nib ... 
2019-03-21 09:34:45 +0000  5604 bytes for ./AboutFinishClassCell.nib
2019-03-21 09:34:45 +0000  copying file ./NorEnterSectionView.nib/objects-11.0+.nib ... 
2019-03-21 09:34:45 +0000  5964 bytes for ./NorEnterSectionView.nib/objects-11.0+.nib
2019-03-21 09:34:45 +0000  copying file ./NorEnterSectionView.nib/runtime.nib ... 
2019-03-21 09:34:45 +0000  5298 bytes for ./NorEnterSectionView.nib/runtime.nib
2019-03-21 09:34:45 +0000  copying file ./ChangeCourseView.nib/objects-11.0+.nib ... 
2019-03-21 09:34:45 +0000  6868 bytes for ./ChangeCourseView.nib/objects-11.0+.nib
2019-03-21 09:34:45 +0000  copying file ./ChangeCourseView.nib/runtime.nib ... 
2019-03-21 09:34:45 +0000  6340 bytes for ./ChangeCourseView.nib/runtime.nib
2019-03-21 09:34:45 +0000  copying file ./ClassTeamCell.nib ... 
2019-03-21 09:34:45 +0000  6498 bytes for ./ClassTeamCell.nib
2019-03-21 09:34:45 +0000  copying file ./ClassTimeCell.nib ... 
2019-03-21 09:34:45 +0000  5249 bytes for ./ClassTimeCell.nib
2019-03-21 09:34:45 +0000  copying file ./RankListSectionHeadView.nib/objects-11.0+.nib ... 
2019-03-21 09:34:45 +0000  3515 bytes for ./RankListSectionHeadView.nib/objects-11.0+.nib
2019-03-21 09:34:45 +0000  copying file ./RankListSectionHeadView.nib/runtime.nib ... 
2019-03-21 09:34:45 +0000  2851 bytes for ./RankListSectionHeadView.nib/runtime.nib
2019-03-21 09:34:45 +0000  copying file ./SmartTeamHeadView.nib/objects-11.0+.nib ... 
2019-03-21 09:34:45 +0000  3604 bytes for ./SmartTeamHeadView.nib/objects-11.0+.nib
2019-03-21 09:34:45 +0000  copying file ./SmartTeamHeadView.nib/runtime.nib ... 
2019-03-21 09:34:45 +0000  2939 bytes for ./SmartTeamHeadView.nib/runtime.nib
2019-03-21 09:34:45 +0000  copying file ./TZImagePickerController.bundle/takePicture@2x.png ... 
2019-03-21 09:34:45 +0000  3054 bytes for ./TZImagePickerController.bundle/takePicture@2x.png
2019-03-21 09:34:45 +0000  copying file ./TZImagePickerController.bundle/zh-Hans.lproj/Localizable.strings ... 
2019-03-21 09:34:45 +0000  1902 bytes for ./TZImagePickerController.bundle/zh-Hans.lproj/Localizable.strings
2019-03-21 09:34:45 +0000  copying file ./TZImagePickerController.bundle/photo_sel_photoPickerVc@2x.png ... 
2019-03-21 09:34:45 +0000  1006 bytes for ./TZImagePickerController.bundle/photo_sel_photoPickerVc@2x.png
2019-03-21 09:34:45 +0000  copying file ./TZImagePickerController.bundle/en.lproj/Localizable.strings ... 
2019-03-21 09:34:45 +0000  2594 bytes for ./TZImagePickerController.bundle/en.lproj/Localizable.strings
2019-03-21 09:34:45 +0000  copying file ./TZImagePickerController.bundle/MMVideoPreviewPlayHL@2x.png ... 
2019-03-21 09:34:45 +0000  3645 bytes for ./TZImagePickerController.bundle/MMVideoPreviewPlayHL@2x.png
2019-03-21 09:34:45 +0000  copying file ./TZImagePickerController.bundle/photo_sel_previewVc@2x.png ... 
2019-03-21 09:34:45 +0000  1183 bytes for ./TZImagePickerController.bundle/photo_sel_previewVc@2x.png
2019-03-21 09:34:45 +0000  copying file ./TZImagePickerController.bundle/MMVideoPreviewPlay@2x.png ... 
2019-03-21 09:34:45 +0000  3645 bytes for ./TZImagePickerController.bundle/MMVideoPreviewPlay@2x.png
2019-03-21 09:34:45 +0000  copying file ./TZImagePickerController.bundle/preview_original_def@2x.png ... 
2019-03-21 09:34:45 +0000  392 bytes for ./TZImagePickerController.bundle/preview_original_def@2x.png
2019-03-21 09:34:45 +0000  copying file ./TZImagePickerController.bundle/photo_def_previewVc@2x.png ... 
2019-03-21 09:34:45 +0000  1155 bytes for ./TZImagePickerController.bundle/photo_def_previewVc@2x.png
2019-03-21 09:34:45 +0000  copying file ./TZImagePickerController.bundle/photo_original_sel@2x.png ... 
2019-03-21 09:34:45 +0000  620 bytes for ./TZImagePickerController.bundle/photo_original_sel@2x.png
2019-03-21 09:34:45 +0000  copying file ./TZImagePickerController.bundle/zh-Hant.lproj/Localizable.strings ... 
2019-03-21 09:34:45 +0000  1902 bytes for ./TZImagePickerController.bundle/zh-Hant.lproj/Localizable.strings
2019-03-21 09:34:45 +0000  copying file ./TZImagePickerController.bundle/takePicture80@2x.png ... 
2019-03-21 09:34:45 +0000  1285 bytes for ./TZImagePickerController.bundle/takePicture80@2x.png
2019-03-21 09:34:45 +0000  copying file ./TZImagePickerController.bundle/photo_def_photoPickerVc@2x.png ... 
2019-03-21 09:34:45 +0000  1155 bytes for ./TZImagePickerController.bundle/photo_def_photoPickerVc@2x.png
2019-03-21 09:34:45 +0000  copying file ./TZImagePickerController.bundle/preview_number_icon@2x.png ... 
2019-03-21 09:34:45 +0000  501 bytes for ./TZImagePickerController.bundle/preview_number_icon@2x.png
2019-03-21 09:34:45 +0000  copying file ./TZImagePickerController.bundle/vi.lproj/Localizable.strings ... 
2019-03-21 09:34:45 +0000  1614 bytes for ./TZImagePickerController.bundle/vi.lproj/Localizable.strings
2019-03-21 09:34:45 +0000  copying file ./TZImagePickerController.bundle/navi_back@2x.png ... 
2019-03-21 09:34:45 +0000  116 bytes for ./TZImagePickerController.bundle/navi_back@2x.png
2019-03-21 09:34:45 +0000  copying file ./TZImagePickerController.bundle/photo_original_def@2x.png ... 
2019-03-21 09:34:45 +0000  1602 bytes for ./TZImagePickerController.bundle/photo_original_def@2x.png
2019-03-21 09:34:45 +0000  copying file ./TZImagePickerController.bundle/Root.plist ... 
2019-03-21 09:34:45 +0000  1456 bytes for ./TZImagePickerController.bundle/Root.plist
2019-03-21 09:34:45 +0000  copying file ./TZImagePickerController.bundle/photo_number_icon@2x.png ... 
2019-03-21 09:34:45 +0000  501 bytes for ./TZImagePickerController.bundle/photo_number_icon@2x.png
2019-03-21 09:34:45 +0000  copying file ./TZImagePickerController.bundle/VideoSendIcon@2x.png ... 
2019-03-21 09:34:45 +0000  223 bytes for ./TZImagePickerController.bundle/VideoSendIcon@2x.png
2019-03-21 09:34:45 +0000  copying file ./SmartTimeView.nib/objects-11.0+.nib ... 
2019-03-21 09:34:45 +0000  5393 bytes for ./SmartTimeView.nib/objects-11.0+.nib
2019-03-21 09:34:45 +0000  copying file ./SmartTimeView.nib/runtime.nib ... 
2019-03-21 09:34:45 +0000  4734 bytes for ./SmartTimeView.nib/runtime.nib
2019-03-21 09:34:45 +0000  copying file ./AppIcon29x29~ipad.png ... 
2019-03-21 09:34:45 +0000  1495 bytes for ./AppIcon29x29~ipad.png
2019-03-21 09:34:45 +0000  copying file ./StudentHeadView.nib/objects-11.0+.nib ... 
2019-03-21 09:34:45 +0000  5772 bytes for ./StudentHeadView.nib/objects-11.0+.nib
2019-03-21 09:34:45 +0000  copying file ./StudentHeadView.nib/runtime.nib ... 
2019-03-21 09:34:45 +0000  5111 bytes for ./StudentHeadView.nib/runtime.nib
2019-03-21 09:34:45 +0000  copying file ./AboutCell.nib ... 
2019-03-21 09:34:45 +0000  3394 bytes for ./AboutCell.nib
2019-03-21 09:34:45 +0000  copying file ./SuspandOrFinsihView.nib/objects-11.0+.nib ... 
2019-03-21 09:34:45 +0000  16087 bytes for ./SuspandOrFinsihView.nib/objects-11.0+.nib
2019-03-21 09:34:45 +0000  copying file ./SuspandOrFinsihView.nib/runtime.nib ... 
2019-03-21 09:34:45 +0000  15423 bytes for ./SuspandOrFinsihView.nib/runtime.nib
2019-03-21 09:34:45 +0000  copying file ./AffirmTeamView.nib/objects-11.0+.nib ... 
2019-03-21 09:34:45 +0000  9461 bytes for ./AffirmTeamView.nib/objects-11.0+.nib
2019-03-21 09:34:45 +0000  copying file ./AffirmTeamView.nib/runtime.nib ... 
2019-03-21 09:34:45 +0000  8799 bytes for ./AffirmTeamView.nib/runtime.nib
2019-03-21 09:34:45 +0000  copying file ./AboutFinishClassSectionView.nib/objects-11.0+.nib ... 
2019-03-21 09:34:45 +0000  4318 bytes for ./AboutFinishClassSectionView.nib/objects-11.0+.nib
2019-03-21 09:34:45 +0000  copying file ./AboutFinishClassSectionView.nib/runtime.nib ... 
2019-03-21 09:34:45 +0000  3648 bytes for ./AboutFinishClassSectionView.nib/runtime.nib
2019-03-21 09:34:45 +0000  copying file ./MyBottomView.nib/objects-11.0+.nib ... 
2019-03-21 09:34:45 +0000  2711 bytes for ./MyBottomView.nib/objects-11.0+.nib
2019-03-21 09:34:45 +0000  copying file ./MyBottomView.nib/runtime.nib ... 
2019-03-21 09:34:45 +0000  2051 bytes for ./MyBottomView.nib/runtime.nib
2019-03-21 09:34:45 +0000  copying file ./SmartTeamBottomView.nib/objects-11.0+.nib ... 
2019-03-21 09:34:45 +0000  3802 bytes for ./SmartTeamBottomView.nib/objects-11.0+.nib
2019-03-21 09:34:45 +0000  copying file ./SmartTeamBottomView.nib/runtime.nib ... 
2019-03-21 09:34:45 +0000  3139 bytes for ./SmartTeamBottomView.nib/runtime.nib
2019-03-21 09:34:45 +0000  copying file ./ObtainCoinTeamCell.nib ... 
2019-03-21 09:34:45 +0000  8584 bytes for ./ObtainCoinTeamCell.nib
2019-03-21 09:34:45 +0000  copying file ./AAJSFiles.bundle/AAHighchartsLib.js ... 
2019-03-21 09:34:45 +0000  192188 bytes for ./AAJSFiles.bundle/AAHighchartsLib.js
2019-03-21 09:34:45 +0000  copying file ./AAJSFiles.bundle/AAHighchartsMore.js ... 
2019-03-21 09:34:45 +0000  26968 bytes for ./AAJSFiles.bundle/AAHighchartsMore.js
2019-03-21 09:34:45 +0000  copying file ./AAJSFiles.bundle/AAFunnel.js ... 
2019-03-21 09:34:45 +0000  2059 bytes for ./AAJSFiles.bundle/AAFunnel.js
2019-03-21 09:34:45 +0000  copying file ./AAJSFiles.bundle/AAHighcharts-3d.js ... 
2019-03-21 09:34:45 +0000  21753 bytes for ./AAJSFiles.bundle/AAHighcharts-3d.js
2019-03-21 09:34:45 +0000  copying file ./AAJSFiles.bundle/AAChartView.html ... 
2019-03-21 09:34:45 +0000  14586 bytes for ./AAJSFiles.bundle/AAChartView.html
2019-03-21 09:34:45 +0000  copying file ./TagPhotoCell.nib ... 
2019-03-21 09:34:45 +0000  3799 bytes for ./TagPhotoCell.nib
2019-03-21 09:34:45 +0000  copying file ./ClassStatusCell.nib ... 
2019-03-21 09:34:45 +0000  4563 bytes for ./ClassStatusCell.nib
2019-03-21 09:34:45 +0000  copying file ./ClassCell.nib ... 
2019-03-21 09:34:45 +0000  9102 bytes for ./ClassCell.nib
2019-03-21 09:34:45 +0000  copying file ./Base.lproj/Main.storyboardc/t8W-K3-S5R-view-JiO-Ov-WSX.nib ... 
2019-03-21 09:34:45 +0000  1805 bytes for ./Base.lproj/Main.storyboardc/t8W-K3-S5R-view-JiO-Ov-WSX.nib
2019-03-21 09:34:45 +0000  copying file ./Base.lproj/Main.storyboardc/k56-dm-I5N-view-g38-AL-26a.nib ... 
2019-03-21 09:34:45 +0000  1791 bytes for ./Base.lproj/Main.storyboardc/k56-dm-I5N-view-g38-AL-26a.nib
2019-03-21 09:34:45 +0000  copying file ./Base.lproj/Main.storyboardc/RootTabBarViewController.nib ... 
2019-03-21 09:34:45 +0000  1413 bytes for ./Base.lproj/Main.storyboardc/RootTabBarViewController.nib
2019-03-21 09:34:45 +0000  copying file ./Base.lproj/Main.storyboardc/45c-aw-2hg-view-ODP-3f-XIz.nib ... 
2019-03-21 09:34:45 +0000  1798 bytes for ./Base.lproj/Main.storyboardc/45c-aw-2hg-view-ODP-3f-XIz.nib
2019-03-21 09:34:45 +0000  copying file ./Base.lproj/Main.storyboardc/01w-Qh-tSC-view-MQK-lY-bZh.nib ... 
2019-03-21 09:34:45 +0000  1790 bytes for ./Base.lproj/Main.storyboardc/01w-Qh-tSC-view-MQK-lY-bZh.nib
2019-03-21 09:34:45 +0000  copying file ./Base.lproj/Main.storyboardc/StartViewController.nib ... 
2019-03-21 09:34:45 +0000  1500 bytes for ./Base.lproj/Main.storyboardc/StartViewController.nib
2019-03-21 09:34:45 +0000  copying file ./Base.lproj/Main.storyboardc/StundentViewController.nib ... 
2019-03-21 09:34:45 +0000  1031 bytes for ./Base.lproj/Main.storyboardc/StundentViewController.nib
2019-03-21 09:34:45 +0000  copying file ./Base.lproj/Main.storyboardc/MyController.nib ... 
2019-03-21 09:34:45 +0000  1021 bytes for ./Base.lproj/Main.storyboardc/MyController.nib
2019-03-21 09:34:45 +0000  copying file ./Base.lproj/Main.storyboardc/ma9-Dw-1lw-view-Chc-4C-VlP.nib ... 
2019-03-21 09:34:45 +0000  1791 bytes for ./Base.lproj/Main.storyboardc/ma9-Dw-1lw-view-Chc-4C-VlP.nib
2019-03-21 09:34:45 +0000  copying file ./Base.lproj/Main.storyboardc/RootNaviViewController.nib ... 
2019-03-21 09:34:45 +0000  1633 bytes for ./Base.lproj/Main.storyboardc/RootNaviViewController.nib
2019-03-21 09:34:45 +0000  copying file ./Base.lproj/Main.storyboardc/vXZ-lx-hvc-view-kh9-bI-dsS.nib ... 
2019-03-21 09:34:45 +0000  2250 bytes for ./Base.lproj/Main.storyboardc/vXZ-lx-hvc-view-kh9-bI-dsS.nib
2019-03-21 09:34:45 +0000  copying file ./Base.lproj/Main.storyboardc/PannelViewController.nib ... 
2019-03-21 09:34:45 +0000  1029 bytes for ./Base.lproj/Main.storyboardc/PannelViewController.nib
2019-03-21 09:34:45 +0000  copying file ./Base.lproj/Main.storyboardc/TeactherViewController.nib ... 
2019-03-21 09:34:45 +0000  1031 bytes for ./Base.lproj/Main.storyboardc/TeactherViewController.nib
2019-03-21 09:34:45 +0000  copying file ./Base.lproj/Main.storyboardc/Info.plist ... 
2019-03-21 09:34:45 +0000  531 bytes for ./Base.lproj/Main.storyboardc/Info.plist
2019-03-21 09:34:45 +0000  copying file ./ChangeCourseCell.nib ... 
2019-03-21 09:34:45 +0000  3014 bytes for ./ChangeCourseCell.nib
2019-03-21 09:34:45 +0000  copying file ./ObtainCoinSectionHeadView.nib/objects-11.0+.nib ... 
2019-03-21 09:34:45 +0000  4333 bytes for ./ObtainCoinSectionHeadView.nib/objects-11.0+.nib
copying file ./ObtainCoinSectionHeadView.nib/runtime.nib ... 
2019-03-21 09:34:45 +0000  3669 bytes for ./ObtainCoinSectionHeadView.nib/runtime.nib
2019-03-21 09:34:45 +0000  copying file ./StudentLeaveView.nib/objects-11.0+.nib ... 
2019-03-21 09:34:45 +0000  9491 bytes for ./StudentLeaveView.nib/objects-11.0+.nib
2019-03-21 09:34:45 +0000  copying file ./StudentLeaveView.nib/runtime.nib ... 
2019-03-21 09:34:45 +0000  8824 bytes for ./StudentLeaveView.nib/runtime.nib
2019-03-21 09:34:45 +0000  copying file ./StudentSectionHeadView.nib/objects-11.0+.nib ... 
2019-03-21 09:34:45 +0000  3055 bytes for ./StudentSectionHeadView.nib/objects-11.0+.nib
2019-03-21 09:34:45 +0000  copying file ./StudentSectionHeadView.nib/runtime.nib ... 
2019-03-21 09:34:45 +0000  2391 bytes for ./StudentSectionHeadView.nib/runtime.nib
2019-03-21 09:34:45 +0000  copying file ./LaunchImage-Landscape~ipad.png ... 
2019-03-21 09:34:45 +0000  61294 bytes for ./LaunchImage-Landscape~ipad.png
2019-03-21 09:34:45 +0000  copying file ./GrammarExplainView.nib/objects-11.0+.nib ... 
2019-03-21 09:34:45 +0000  6738 bytes for ./GrammarExplainView.nib/objects-11.0+.nib
2019-03-21 09:34:45 +0000  copying file ./GrammarExplainView.nib/runtime.nib ... 
2019-03-21 09:34:45 +0000  6072 bytes for ./GrammarExplainView.nib/runtime.nib
2019-03-21 09:34:45 +0000  copying file ./ClassingTimeView.nib/objects-11.0+.nib ... 
2019-03-21 09:34:45 +0000  5465 bytes for ./ClassingTimeView.nib/objects-11.0+.nib
2019-03-21 09:34:45 +0000  copying file ./ClassingTimeView.nib/runtime.nib ... 
2019-03-21 09:34:45 +0000  4806 bytes for ./ClassingTimeView.nib/runtime.nib
2019-03-21 09:34:45 +0000  copying file ./icon_search_clear@2x.png ... 
2019-03-21 09:34:45 +0000  1456 bytes for ./icon_search_clear@2x.png
2019-03-21 09:34:45 +0000  copying file ./SearchClassCell.nib ... 
2019-03-21 09:34:45 +0000  4371 bytes for ./SearchClassCell.nib
2019-03-21 09:34:45 +0000  copying file ./Assets.car ... 
2019-03-21 09:34:45 +0000  4156696 bytes for ./Assets.car
2019-03-21 09:34:45 +0000  copying file ./teacherproduct2.mobileprovision ... 
2019-03-21 09:34:45 +0000  7556 bytes for ./teacherproduct2.mobileprovision
2019-03-21 09:34:45 +0000  copying file ./AppIcon40x40@2x~ipad.png ... 
2019-03-21 09:34:45 +0000  6975 bytes for ./AppIcon40x40@2x~ipad.png
2019-03-21 09:34:45 +0000  copying file ./AppIcon76x76@2x~ipad.png ... 
2019-03-21 09:34:45 +0000  16394 bytes for ./AppIcon76x76@2x~ipad.png
2019-03-21 09:34:45 +0000  copying file ./ClassingTeamCell.nib ... 
2019-03-21 09:34:45 +0000  6654 bytes for ./ClassingTeamCell.nib
2019-03-21 09:34:45 +0000  copying file ./SplendidMomentHeadView.nib/objects-11.0+.nib ... 
2019-03-21 09:34:45 +0000  9822 bytes for ./SplendidMomentHeadView.nib/objects-11.0+.nib
2019-03-21 09:34:45 +0000  copying file ./SplendidMomentHeadView.nib/runtime.nib ... 
2019-03-21 09:34:45 +0000  9161 bytes for ./SplendidMomentHeadView.nib/runtime.nib
2019-03-21 09:34:45 +0000  copying file ./icon_search_clear@3x.png ... 
2019-03-21 09:34:45 +0000  2287 bytes for ./icon_search_clear@3x.png
2019-03-21 09:34:45 +0000  copying file ./PersonCell.nib ... 
2019-03-21 09:34:45 +0000  7797 bytes for ./PersonCell.nib
2019-03-21 09:34:45 +0000  copying file ./TeacherCell.nib ... 
2019-03-21 09:34:45 +0000  5286 bytes for ./TeacherCell.nib
2019-03-21 09:34:45 +0000  copying file ./LaunchImage-Landscape@2x~ipad.png ... 
2019-03-21 09:34:45 +0000  147697 bytes for ./LaunchImage-Landscape@2x~ipad.png
2019-03-21 09:34:45 +0000  copying file ./ChangeTagView.nib/objects-11.0+.nib ... 
2019-03-21 09:34:45 +0000  4421 bytes for ./ChangeTagView.nib/objects-11.0+.nib
2019-03-21 09:34:45 +0000  copying file ./ChangeTagView.nib/runtime.nib ... 
2019-03-21 09:34:45 +0000  3760 bytes for ./ChangeTagView.nib/runtime.nib
2019-03-21 09:34:45 +0000  copying file ./SmartTeamQuestionView.nib/objects-11.0+.nib ... 
2019-03-21 09:34:45 +0000  6304 bytes for ./SmartTeamQuestionView.nib/objects-11.0+.nib
2019-03-21 09:34:45 +0000  copying file ./SmartTeamQuestionView.nib/runtime.nib ... 
2019-03-21 09:34:45 +0000  5643 bytes for ./SmartTeamQuestionView.nib/runtime.nib
2019-03-21 09:34:45 +0000  copying file ./NorClassSectionView.nib/objects-11.0+.nib ... 
2019-03-21 09:34:45 +0000  5328 bytes for ./NorClassSectionView.nib/objects-11.0+.nib
2019-03-21 09:34:45 +0000  copying file ./NorClassSectionView.nib/runtime.nib ... 
2019-03-21 09:34:45 +0000  4654 bytes for ./NorClassSectionView.nib/runtime.nib
2019-03-21 09:34:45 +0000  copying file ./WordExplainView.nib/objects-11.0+.nib ... 
2019-03-21 09:34:45 +0000  6408 bytes for ./WordExplainView.nib/objects-11.0+.nib
2019-03-21 09:34:45 +0000  copying file ./WordExplainView.nib/runtime.nib ... 
2019-03-21 09:34:45 +0000  5735 bytes for ./WordExplainView.nib/runtime.nib
2019-03-21 09:34:45 +0000  copying file ./RankingListCell.nib ... 
2019-03-21 09:34:45 +0000  5919 bytes for ./RankingListCell.nib
2019-03-21 09:34:45 +0000  copying file ./StudentScheduleView.nib/objects-11.0+.nib ... 
2019-03-21 09:34:45 +0000  5783 bytes for ./StudentScheduleView.nib/objects-11.0+.nib
2019-03-21 09:34:45 +0000  copying file ./StudentScheduleView.nib/runtime.nib ... 
2019-03-21 09:34:45 +0000  5113 bytes for ./StudentScheduleView.nib/runtime.nib
2019-03-21 09:34:45 +0000  copying file ./ClassOverSectionView.nib/objects-11.0+.nib ... 
2019-03-21 09:34:45 +0000  4861 bytes for ./ClassOverSectionView.nib/objects-11.0+.nib
2019-03-21 09:34:45 +0000  copying file ./ClassOverSectionView.nib/runtime.nib ... 
2019-03-21 09:34:45 +0000  4197 bytes for ./ClassOverSectionView.nib/runtime.nib
2019-03-21 09:34:45 +0000  copying file ./ClassDetailButtonView.nib/objects-11.0+.nib ... 
2019-03-21 09:34:45 +0000  3218 bytes for ./ClassDetailButtonView.nib/objects-11.0+.nib
2019-03-21 09:34:45 +0000  copying file ./ClassDetailButtonView.nib/runtime.nib ... 
2019-03-21 09:34:45 +0000  2549 bytes for ./ClassDetailButtonView.nib/runtime.nib
2019-03-21 09:34:45 +0000  copying file ./AppIcon29x29@2x~ipad.png ... 
2019-03-21 09:34:45 +0000  4214 bytes for ./AppIcon29x29@2x~ipad.png
2019-03-21 09:34:45 +0000  copying file ./ProductDetailView.nib/objects-11.0+.nib ... 
2019-03-21 09:34:45 +0000  5824 bytes for ./ProductDetailView.nib/objects-11.0+.nib
2019-03-21 09:34:45 +0000  copying file ./ProductDetailView.nib/runtime.nib ... 
2019-03-21 09:34:45 +0000  5158 bytes for ./ProductDetailView.nib/runtime.nib
2019-03-21 09:34:45 +0000  copying file ./LearnMoreView.nib/objects-11.0+.nib ... 
2019-03-21 09:34:45 +0000  6858 bytes for ./LearnMoreView.nib/objects-11.0+.nib
2019-03-21 09:34:45 +0000  copying file ./LearnMoreView.nib/runtime.nib ... 
2019-03-21 09:34:45 +0000  6194 bytes for ./LearnMoreView.nib/runtime.nib
2019-03-21 09:34:45 +0000  copying file ./SplendidMomentCell.nib/objects-11.0+.nib ... 
2019-03-21 09:34:45 +0000  5818 bytes for ./SplendidMomentCell.nib/objects-11.0+.nib
2019-03-21 09:34:45 +0000  copying file ./SplendidMomentCell.nib/runtime.nib ... 
2019-03-21 09:34:45 +0000  5793 bytes for ./SplendidMomentCell.nib/runtime.nib
2019-03-21 09:34:45 +0000  copying file ./AppIcon40x40~ipad.png ... 
2019-03-21 09:34:45 +0000  2352 bytes for ./AppIcon40x40~ipad.png
2019-03-21 09:34:45 +0000  copying file ./AwardCoinView.nib/objects-11.0+.nib ... 
2019-03-21 09:34:45 +0000  11057 bytes for ./AwardCoinView.nib/objects-11.0+.nib
2019-03-21 09:34:45 +0000  copying file ./AwardCoinView.nib/runtime.nib ... 
2019-03-21 09:34:45 +0000  10383 bytes for ./AwardCoinView.nib/runtime.nib
2019-03-21 09:34:45 +0000  copying file ./AppIcon20x20~ipad.png ... 
2019-03-21 09:34:45 +0000  879 bytes for ./AppIcon20x20~ipad.png
2019-03-21 09:34:45 +0000  copying file ./WordKingView.nib/objects-11.0+.nib ... 
2019-03-21 09:34:45 +0000  6095 bytes for ./WordKingView.nib/objects-11.0+.nib
2019-03-21 09:34:45 +0000  copying file ./WordKingView.nib/runtime.nib ... 
2019-03-21 09:34:45 +0000  5431 bytes for ./WordKingView.nib/runtime.nib
2019-03-21 09:34:45 +0000  copying file ./ClassingHeadView.nib/objects-11.0+.nib ... 
2019-03-21 09:34:45 +0000  9941 bytes for ./ClassingHeadView.nib/objects-11.0+.nib
2019-03-21 09:34:45 +0000  copying file ./ClassingHeadView.nib/runtime.nib ... 
2019-03-21 09:34:45 +0000  9280 bytes for ./ClassingHeadView.nib/runtime.nib
2019-03-21 09:34:45 +0000  copying file ./MyHeadView.nib/objects-11.0+.nib ... 
2019-03-21 09:34:45 +0000  5940 bytes for ./MyHeadView.nib/objects-11.0+.nib
2019-03-21 09:34:45 +0000  copying file ./MyHeadView.nib/runtime.nib ... 
2019-03-21 09:34:45 +0000  5272 bytes for ./MyHeadView.nib/runtime.nib
2019-03-21 09:34:45 +0000  copying file ./embedded.mobileprovision ... 
2019-03-21 09:34:45 +0000  7556 bytes for ./embedded.mobileprovision
2019-03-21 09:34:45 +0000  copying file ./SVProgressHUD.bundle/info.png ... 
2019-03-21 09:34:45 +0000  365 bytes for ./SVProgressHUD.bundle/info.png
2019-03-21 09:34:45 +0000  copying file ./SVProgressHUD.bundle/error@3x.png ... 
2019-03-21 09:34:45 +0000  398 bytes for ./SVProgressHUD.bundle/error@3x.png
2019-03-21 09:34:45 +0000  copying file ./SVProgressHUD.bundle/angle-mask@3x.png ... 
2019-03-21 09:34:45 +0000  8319 bytes for ./SVProgressHUD.bundle/angle-mask@3x.png
2019-03-21 09:34:45 +0000  copying file ./SVProgressHUD.bundle/angle-mask@2x.png ... 
2019-03-21 09:34:45 +0000  4893 bytes for ./SVProgressHUD.bundle/angle-mask@2x.png
2019-03-21 09:34:45 +0000  copying file ./SVProgressHUD.bundle/error@2x.png ... 
2019-03-21 09:34:45 +0000  306 bytes for ./SVProgressHUD.bundle/error@2x.png
2019-03-21 09:34:45 +0000  copying file ./SVProgressHUD.bundle/info@3x.png ... 
2019-03-21 09:34:45 +0000  1200 bytes for ./SVProgressHUD.bundle/info@3x.png
2019-03-21 09:34:45 +0000  copying file ./SVProgressHUD.bundle/success@2x.png ... 
2019-03-21 09:34:45 +0000  462 bytes for ./SVProgressHUD.bundle/success@2x.png
2019-03-21 09:34:45 +0000  copying file ./SVProgressHUD.bundle/success@3x.png ... 
2019-03-21 09:34:45 +0000  714 bytes for ./SVProgressHUD.bundle/success@3x.png
2019-03-21 09:34:45 +0000  copying file ./SVProgressHUD.bundle/info@2x.png ... 
2019-03-21 09:34:45 +0000  816 bytes for ./SVProgressHUD.bundle/info@2x.png
2019-03-21 09:34:45 +0000  copying file ./SVProgressHUD.bundle/error.png ... 
2019-03-21 09:34:45 +0000  184 bytes for ./SVProgressHUD.bundle/error.png
2019-03-21 09:34:45 +0000  copying file ./SVProgressHUD.bundle/success.png ... 
2019-03-21 09:34:45 +0000  262 bytes for ./SVProgressHUD.bundle/success.png
2019-03-21 09:34:45 +0000  copying file ./SVProgressHUD.bundle/angle-mask.png ... 
2019-03-21 09:34:45 +0000  1845 bytes for ./SVProgressHUD.bundle/angle-mask.png
2019-03-21 09:34:45 +0000  copying file ./ClassingTopButtonView.nib/objects-11.0+.nib ... 
2019-03-21 09:34:45 +0000  4677 bytes for ./ClassingTopButtonView.nib/objects-11.0+.nib
2019-03-21 09:34:45 +0000  copying file ./ClassingTopButtonView.nib/runtime.nib ... 
2019-03-21 09:34:45 +0000  4007 bytes for ./ClassingTopButtonView.nib/runtime.nib
2019-03-21 09:34:45 +0000  copying file ./ClassingTeamSectionView.nib/objects-11.0+.nib ... 
2019-03-21 09:34:45 +0000  5307 bytes for ./ClassingTeamSectionView.nib/objects-11.0+.nib
2019-03-21 09:34:45 +0000  copying file ./ClassingTeamSectionView.nib/runtime.nib ... 
2019-03-21 09:34:45 +0000  4653 bytes for ./ClassingTeamSectionView.nib/runtime.nib
2019-03-21 09:34:45 +0000  copying file ./AppIcon20x20@2x~ipad.png ... 
2019-03-21 09:34:45 +0000  2352 bytes for ./AppIcon20x20@2x~ipad.png
2019-03-21 09:34:45 +0000  copying file ./Info.plist ... 
2019-03-21 09:34:45 +0000  1897 bytes for ./Info.plist
2019-03-21 09:34:45 +0000  copying file ./StudentLearnCell.nib/objects-11.0+.nib ... 
2019-03-21 09:34:45 +0000  3701 bytes for ./StudentLearnCell.nib/objects-11.0+.nib
2019-03-21 09:34:45 +0000  copying file ./StudentLearnCell.nib/runtime.nib ... 
2019-03-21 09:34:45 +0000  3663 bytes for ./StudentLearnCell.nib/runtime.nib
2019-03-21 09:34:45 +0000  copying file ./TagPhotoAddCell.nib ... 
2019-03-21 09:34:45 +0000  2967 bytes for ./TagPhotoAddCell.nib
2019-03-21 09:34:45 +0000  copying file ./PkgInfo ... 
2019-03-21 09:34:45 +0000  8 bytes for ./PkgInfo
2019-03-21 09:34:45 +0000  copying file ./FocusOnStudentHeadView.nib/objects-11.0+.nib ... 
2019-03-21 09:34:45 +0000  7334 bytes for ./FocusOnStudentHeadView.nib/objects-11.0+.nib
2019-03-21 09:34:45 +0000  copying file ./FocusOnStudentHeadView.nib/runtime.nib ... 
2019-03-21 09:34:45 +0000  6671 bytes for ./FocusOnStudentHeadView.nib/runtime.nib
2019-03-21 09:34:45 +0000  copying file ./SmartMemberCell.nib/objects-11.0+.nib ... 
2019-03-21 09:34:45 +0000  3802 bytes for ./SmartMemberCell.nib/objects-11.0+.nib
2019-03-21 09:34:45 +0000  copying file ./SmartMemberCell.nib/runtime.nib ... 
2019-03-21 09:34:45 +0000  3780 bytes for ./SmartMemberCell.nib/runtime.nib
2019-03-21 09:34:45 +0000  copying file ./RankingListTopView.nib/objects-11.0+.nib ... 
2019-03-21 09:34:45 +0000  7343 bytes for ./RankingListTopView.nib/objects-11.0+.nib
2019-03-21 09:34:45 +0000  copying file ./RankingListTopView.nib/runtime.nib ... 
2019-03-21 09:34:45 +0000  6674 bytes for ./RankingListTopView.nib/runtime.nib
2019-03-21 09:34:45 +0000  copying file ./AppIcon76x76~ipad.png ... 
2019-03-21 09:34:45 +0000  6564 bytes for ./AppIcon76x76~ipad.png
2019-03-21 09:34:45 +0000  /usr/bin/ditto exited with 0
2019-03-21 09:34:45 +0000  Processing step: IDEDistributionEmbedProfileStep
2019-03-21 09:34:45 +0000  Processing step: IDEDistributionAppThinningPlistStep
2019-03-21 09:34:45 +0000  Skipping step: IDEDistributionAppThinningPlistStep because it said so
2019-03-21 09:34:45 +0000  Processing step: IDEDistributionCompileBitcodeStep
2019-03-21 09:34:45 +0000  Skipping step: IDEDistributionCompileBitcodeStep because it said so
2019-03-21 09:34:45 +0000  Processing step: IDEDistributionCodeSlimmingStep
2019-03-21 09:34:45 +0000  Processing step: IDEDistributionCopyBCSymbolMapsStep
2019-03-21 09:34:45 +0000  Skipping step: IDEDistributionCopyBCSymbolMapsStep because it said so
2019-03-21 09:34:45 +0000  Processing step: IDEDistributionSymbolsStep
2019-03-21 09:34:45 +0000  Skipping step: IDEDistributionSymbolsStep because it said so
2019-03-21 09:34:45 +0000  Processing step: IDEDistributionAppThinningStep
2019-03-21 09:34:45 +0000  Skipping step: IDEDistributionAppThinningStep because it said so
2019-03-21 09:34:45 +0000  Processing step: IDEDistributionArchThinningStep
2019-03-21 09:34:45 +0000  Running /Applications/Xcode.app/Contents/Developer/Toolchains/XcodeDefault.xctoolchain/usr/bin/lipo '/var/folders/6z/xrqlgq1575950j9sn89gqyhw0000gn/T/XcodeDistPipeline.RXZ/Root/Payload/RootDirectory.app/RootDirectory' '-verify_arch' 'arm64e'
2019-03-21 09:34:45 +0000  /Applications/Xcode.app/Contents/Developer/Toolchains/XcodeDefault.xctoolchain/usr/bin/lipo exited with 1
2019-03-21 09:34:45 +0000  Skipping architecture thinning for item "RootDirectory" because arch "arm64e" wasn't found
2019-03-21 09:34:45 +0000  Processing step: IDEDistributionODRStep
2019-03-21 09:34:45 +0000  Processing step: IDEDistributionStripXattrsStep
2019-03-21 09:34:45 +0000  Running /usr/bin/xattr '-crs' '/var/folders/6z/xrqlgq1575950j9sn89gqyhw0000gn/T/XcodeDistPipeline.RXZ/Root/Payload/RootDirectory.app'
2019-03-21 09:34:45 +0000  /usr/bin/xattr exited with 0
2019-03-21 09:34:45 +0000  Processing step: IDEDistributionCodesignStep
2019-03-21 09:34:45 +0000  Entitlements for <IDEDistributionItem: 0x7fb73ea4d550 'teacher.yxsd.com' '<DVTFilePath:0x7fb7562ec450:'/Users/tianliqiang/Library/Developer/Xcode/Archives/2019-03-21/RootDirectory 2019-3-21, 5.05 PM.xcarchive/Products/Applications/RootDirectory.app'>'>: {
    "application-identifier" = "9ZQRUSN6XW.teacher.yxsd.com";
    "com.apple.developer.team-identifier" = 9ZQRUSN6XW;
    "get-task-allow" = 0;
    "keychain-access-groups" =     (
        "9ZQRUSN6XW.teacher.yxsd.com"
    );
}
2019-03-21 09:34:45 +0000  Writing entitlements for <IDEDistributionItem: 0x7fb73ea4d550 'teacher.yxsd.com' '<DVTFilePath:0x7fb7562ec450:'/Users/tianliqiang/Library/Developer/Xcode/Archives/2019-03-21/RootDirectory 2019-3-21, 5.05 PM.xcarchive/Products/Applications/RootDirectory.app'>'> to: /var/folders/6z/xrqlgq1575950j9sn89gqyhw0000gn/T/XcodeDistPipeline.RXZ/entitlements2a3luk
2019-03-21 09:34:45 +0000  Running /usr/bin/codesign '-vvv' '--force' '--sign' '89DF311860D335319E141446B869898DCBFD881D' '--entitlements' '/var/folders/6z/xrqlgq1575950j9sn89gqyhw0000gn/T/XcodeDistPipeline.RXZ/entitlements2a3luk' '--preserve-metadata=identifier,flags,runtime' '/var/folders/6z/xrqlgq1575950j9sn89gqyhw0000gn/T/XcodeDistPipeline.RXZ/Root/Payload/RootDirectory.app'
2019-03-21 09:34:45 +0000  /var/folders/6z/xrqlgq1575950j9sn89gqyhw0000gn/T/XcodeDistPipeline.RXZ/Root/Payload/RootDirectory.app: replacing existing signature
2019-03-21 09:34:45 +0000  /var/folders/6z/xrqlgq1575950j9sn89gqyhw0000gn/T/XcodeDistPipeline.RXZ/Root/Payload/RootDirectory.app: signed app bundle with Mach-O universal (armv7 arm64) [teacher.yxsd.com]
2019-03-21 09:34:45 +0000  /usr/bin/codesign exited with 0
2019-03-21 09:34:45 +0000  Processing step: IDEDistributionZipODRItemStep
2019-03-21 09:34:45 +0000  Skipping step: IDEDistributionZipODRItemStep because it said so
2019-03-21 09:34:45 +0000  Processing step: IDEDistributionCreateIPAStep
2019-03-21 09:34:45 +0000  Running /usr/bin/ditto '-V' '-c' '-k' '--norsrc' '/var/folders/6z/xrqlgq1575950j9sn89gqyhw0000gn/T/XcodeDistPipeline.RXZ/Root' '/var/folders/6z/xrqlgq1575950j9sn89gqyhw0000gn/T/XcodeDistPipeline.RXZ/Packages/RootDirectory.ipa'
2019-03-21 09:34:45 +0000  >>> Copying /var/folders/6z/xrqlgq1575950j9sn89gqyhw0000gn/T/XcodeDistPipeline.RXZ/Root 
2019-03-21 09:34:45 +0000  copying file ./Payload/RootDirectory.app/_CodeSignature/CodeResources ... 
2019-03-21 09:34:45 +0000  71622 bytes for ./Payload/RootDirectory.app/_CodeSignature/CodeResources
2019-03-21 09:34:45 +0000  copying file ./Payload/RootDirectory.app/LoginView.nib/objects-11.0+.nib ... 
2019-03-21 09:34:45 +0000  9173 bytes for ./Payload/RootDirectory.app/LoginView.nib/objects-11.0+.nib
2019-03-21 09:34:45 +0000  copying file ./Payload/RootDirectory.app/LoginView.nib/runtime.nib ... 
8513 bytes for ./Payload/RootDirectory.app/LoginView.nib/runtime.nib
2019-03-21 09:34:45 +0000  copying file ./Payload/RootDirectory.app/ClassingOverView.nib/objects-11.0+.nib ... 
2019-03-21 09:34:45 +0000  5497 bytes for ./Payload/RootDirectory.app/ClassingOverView.nib/objects-11.0+.nib
2019-03-21 09:34:45 +0000  copying file ./Payload/RootDirectory.app/ClassingOverView.nib/runtime.nib ... 
2019-03-21 09:34:45 +0000  4840 bytes for ./Payload/RootDirectory.app/ClassingOverView.nib/runtime.nib
2019-03-21 09:34:45 +0000  copying file ./Payload/RootDirectory.app/RootDirectory ... 
2019-03-21 09:34:46 +0000  5585936 bytes for ./Payload/RootDirectory.app/RootDirectory
copying file ./Payload/RootDirectory.app/MyCell.nib ... 
2019-03-21 09:34:46 +0000  4421 bytes for ./Payload/RootDirectory.app/MyCell.nib
copying file ./Payload/RootDirectory.app/VersionUpdatingView.nib/objects-11.0+.nib ... 
2019-03-21 09:34:46 +0000  4339 bytes for ./Payload/RootDirectory.app/VersionUpdatingView.nib/objects-11.0+.nib
2019-03-21 09:34:46 +0000  copying file ./Payload/RootDirectory.app/VersionUpdatingView.nib/runtime.nib ... 
2019-03-21 09:34:46 +0000  3675 bytes for ./Payload/RootDirectory.app/VersionUpdatingView.nib/runtime.nib
copying file ./Payload/RootDirectory.app/StudentClassCell.nib ... 
2019-03-21 09:34:46 +0000  5070 bytes for ./Payload/RootDirectory.app/StudentClassCell.nib
2019-03-21 09:34:46 +0000  copying file ./Payload/RootDirectory.app/PhotoGraphView.nib/objects-11.0+.nib ... 
2019-03-21 09:34:46 +0000  3786 bytes for ./Payload/RootDirectory.app/PhotoGraphView.nib/objects-11.0+.nib
copying file ./Payload/RootDirectory.app/PhotoGraphView.nib/runtime.nib ... 
2019-03-21 09:34:46 +0000  3122 bytes for ./Payload/RootDirectory.app/PhotoGraphView.nib/runtime.nib
copying file ./Payload/RootDirectory.app/ObtainCoinHeadView.nib/objects-11.0+.nib ... 
2019-03-21 09:34:46 +0000  5985 bytes for ./Payload/RootDirectory.app/ObtainCoinHeadView.nib/objects-11.0+.nib
copying file ./Payload/RootDirectory.app/ObtainCoinHeadView.nib/runtime.nib ... 
2019-03-21 09:34:46 +0000  5315 bytes for ./Payload/RootDirectory.app/ObtainCoinHeadView.nib/runtime.nib
2019-03-21 09:34:46 +0000  copying file ./Payload/RootDirectory.app/NorEnterCell.nib ... 
2019-03-21 09:34:46 +0000  5145 bytes for ./Payload/RootDirectory.app/NorEnterCell.nib
2019-03-21 09:34:46 +0000  copying file ./Payload/RootDirectory.app/SearchClassSectionView.nib/objects-11.0+.nib ... 
2019-03-21 09:34:46 +0000  3434 bytes for ./Payload/RootDirectory.app/SearchClassSectionView.nib/objects-11.0+.nib
2019-03-21 09:34:46 +0000  copying file ./Payload/RootDirectory.app/SearchClassSectionView.nib/runtime.nib ... 
2019-03-21 09:34:46 +0000  2771 bytes for ./Payload/RootDirectory.app/SearchClassSectionView.nib/runtime.nib
2019-03-21 09:34:46 +0000  copying file ./Payload/RootDirectory.app/StudentDetailView.nib/objects-11.0+.nib ... 
2019-03-21 09:34:46 +0000  15555 bytes for ./Payload/RootDirectory.app/StudentDetailView.nib/objects-11.0+.nib
2019-03-21 09:34:46 +0000  copying file ./Payload/RootDirectory.app/StudentDetailView.nib/runtime.nib ... 
2019-03-21 09:34:46 +0000  14896 bytes for ./Payload/RootDirectory.app/StudentDetailView.nib/runtime.nib
2019-03-21 09:34:46 +0000  copying file ./Payload/RootDirectory.app/ClassTeamSectionView.nib/objects-11.0+.nib ... 
2019-03-21 09:34:46 +0000  5222 bytes for ./Payload/RootDirectory.app/ClassTeamSectionView.nib/objects-11.0+.nib
2019-03-21 09:34:46 +0000  copying file ./Payload/RootDirectory.app/ClassTeamSectionView.nib/runtime.nib ... 
2019-03-21 09:34:46 +0000  4563 bytes for ./Payload/RootDirectory.app/ClassTeamSectionView.nib/runtime.nib
2019-03-21 09:34:46 +0000  copying file ./Payload/RootDirectory.app/TagKindCell.nib ... 
2019-03-21 09:34:46 +0000  4475 bytes for ./Payload/RootDirectory.app/TagKindCell.nib
2019-03-21 09:34:46 +0000  copying file ./Payload/RootDirectory.app/SplendidTagList.plist ... 
225 bytes for ./Payload/RootDirectory.app/SplendidTagList.plist
2019-03-21 09:34:46 +0000  copying file ./Payload/RootDirectory.app/ClassOverHeadView.nib/objects-11.0+.nib ... 
2019-03-21 09:34:46 +0000  11007 bytes for ./Payload/RootDirectory.app/ClassOverHeadView.nib/objects-11.0+.nib
2019-03-21 09:34:46 +0000  copying file ./Payload/RootDirectory.app/ClassOverHeadView.nib/runtime.nib ... 
2019-03-21 09:34:46 +0000  10339 bytes for ./Payload/RootDirectory.app/ClassOverHeadView.nib/runtime.nib
2019-03-21 09:34:46 +0000  copying file ./Payload/RootDirectory.app/teachertest.mobileprovision ... 
2019-03-21 09:34:46 +0000  8056 bytes for ./Payload/RootDirectory.app/teachertest.mobileprovision
2019-03-21 09:34:46 +0000  copying file ./Payload/RootDirectory.app/ClassRecordCell.nib ... 
2019-03-21 09:34:46 +0000  6070 bytes for ./Payload/RootDirectory.app/ClassRecordCell.nib
2019-03-21 09:34:46 +0000  copying file ./Payload/RootDirectory.app/ChangePasswordView.nib/objects-11.0+.nib ... 
2019-03-21 09:34:46 +0000  5873 bytes for ./Payload/RootDirectory.app/ChangePasswordView.nib/objects-11.0+.nib
2019-03-21 09:34:46 +0000  copying file ./Payload/RootDirectory.app/ChangePasswordView.nib/runtime.nib ... 
2019-03-21 09:34:46 +0000  5209 bytes for ./Payload/RootDirectory.app/ChangePasswordView.nib/runtime.nib
2019-03-21 09:34:46 +0000  copying file ./Payload/RootDirectory.app/StudentCoinView.nib/objects-11.0+.nib ... 
2019-03-21 09:34:46 +0000  7358 bytes for ./Payload/RootDirectory.app/StudentCoinView.nib/objects-11.0+.nib
2019-03-21 09:34:46 +0000  copying file ./Payload/RootDirectory.app/StudentCoinView.nib/runtime.nib ... 
2019-03-21 09:34:46 +0000  6690 bytes for ./Payload/RootDirectory.app/StudentCoinView.nib/runtime.nib
2019-03-21 09:34:46 +0000  copying file ./Payload/RootDirectory.app/StudentsListCell.nib ... 
2019-03-21 09:34:46 +0000  6282 bytes for ./Payload/RootDirectory.app/StudentsListCell.nib
2019-03-21 09:34:46 +0000  copying file ./Payload/RootDirectory.app/ObtainCoinPersonCell.nib ... 
2019-03-21 09:34:46 +0000  8579 bytes for ./Payload/RootDirectory.app/ObtainCoinPersonCell.nib
2019-03-21 09:34:46 +0000  copying file ./Payload/RootDirectory.app/ClassingPersonCell.nib ... 
2019-03-21 09:34:46 +0000  7107 bytes for ./Payload/RootDirectory.app/ClassingPersonCell.nib
2019-03-21 09:34:46 +0000  copying file ./Payload/RootDirectory.app/TagKindView.nib/objects-11.0+.nib ... 
2019-03-21 09:34:46 +0000  3001 bytes for ./Payload/RootDirectory.app/TagKindView.nib/objects-11.0+.nib
copying file ./Payload/RootDirectory.app/TagKindView.nib/runtime.nib ... 
2019-03-21 09:34:46 +0000  2344 bytes for ./Payload/RootDirectory.app/TagKindView.nib/runtime.nib
2019-03-21 09:34:46 +0000  copying file ./Payload/RootDirectory.app/MJRefresh.bundle/zh-Hans.lproj/Localizable.strings ... 
2019-03-21 09:34:46 +0000  1194 bytes for ./Payload/RootDirectory.app/MJRefresh.bundle/zh-Hans.lproj/Localizable.strings
2019-03-21 09:34:46 +0000  copying file ./Payload/RootDirectory.app/MJRefresh.bundle/en.lproj/Localizable.strings ... 
2019-03-21 09:34:46 +0000  691 bytes for ./Payload/RootDirectory.app/MJRefresh.bundle/en.lproj/Localizable.strings
copying file ./Payload/RootDirectory.app/MJRefresh.bundle/arrow@2x.png ... 
2019-03-21 09:34:46 +0000  1033 bytes for ./Payload/RootDirectory.app/MJRefresh.bundle/arrow@2x.png
2019-03-21 09:34:46 +0000  copying file ./Payload/RootDirectory.app/MJRefresh.bundle/zh-Hant.lproj/Localizable.strings ... 
2019-03-21 09:34:46 +0000  773 bytes for ./Payload/RootDirectory.app/MJRefresh.bundle/zh-Hant.lproj/Localizable.strings
copying file ./Payload/RootDirectory.app/StudentsTeamView.nib/objects-11.0+.nib ... 
2019-03-21 09:34:46 +0000  2638 bytes for ./Payload/RootDirectory.app/StudentsTeamView.nib/objects-11.0+.nib
2019-03-21 09:34:46 +0000  copying file ./Payload/RootDirectory.app/StudentsTeamView.nib/runtime.nib ... 
2019-03-21 09:34:46 +0000  1975 bytes for ./Payload/RootDirectory.app/StudentsTeamView.nib/runtime.nib
2019-03-21 09:34:46 +0000  copying file ./Payload/RootDirectory.app/IQKeyboardManager.bundle/IQButtonBarArrowRight@2x.png ... 
2019-03-21 09:34:46 +0000  1786 bytes for ./Payload/RootDirectory.app/IQKeyboardManager.bundle/IQButtonBarArrowRight@2x.png
copying file ./Payload/RootDirectory.app/IQKeyboardManager.bundle/IQButtonBarArrowUp@3x.png ... 
2019-03-21 09:34:46 +0000  2164 bytes for ./Payload/RootDirectory.app/IQKeyboardManager.bundle/IQButtonBarArrowUp@3x.png
copying file ./Payload/RootDirectory.app/IQKeyboardManager.bundle/IQButtonBarArrowUp@2x.png ... 
2019-03-21 09:34:46 +0000  1769 bytes for ./Payload/RootDirectory.app/IQKeyboardManager.bundle/IQButtonBarArrowUp@2x.png
copying file ./Payload/RootDirectory.app/IQKeyboardManager.bundle/IQButtonBarArrowRight@3x.png ... 
2019-03-21 09:34:46 +0000  1844 bytes for ./Payload/RootDirectory.app/IQKeyboardManager.bundle/IQButtonBarArrowRight@3x.png
2019-03-21 09:34:46 +0000  copying file ./Payload/RootDirectory.app/IQKeyboardManager.bundle/IQButtonBarArrowLeft@3x.png ... 
2019-03-21 09:34:46 +0000  1815 bytes for ./Payload/RootDirectory.app/IQKeyboardManager.bundle/IQButtonBarArrowLeft@3x.png
copying file ./Payload/RootDirectory.app/IQKeyboardManager.bundle/IQButtonBarArrowDown@3x.png ... 
2019-03-21 09:34:46 +0000  2177 bytes for ./Payload/RootDirectory.app/IQKeyboardManager.bundle/IQButtonBarArrowDown@3x.png
copying file ./Payload/RootDirectory.app/IQKeyboardManager.bundle/IQButtonBarArrowDown@2x.png ... 
2019-03-21 09:34:46 +0000  1764 bytes for ./Payload/RootDirectory.app/IQKeyboardManager.bundle/IQButtonBarArrowDown@2x.png
2019-03-21 09:34:46 +0000  copying file ./Payload/RootDirectory.app/IQKeyboardManager.bundle/IQButtonBarArrowLeft@2x.png ... 
2019-03-21 09:34:46 +0000  1793 bytes for ./Payload/RootDirectory.app/IQKeyboardManager.bundle/IQButtonBarArrowLeft@2x.png
copying file ./Payload/RootDirectory.app/SmartTeamCell.nib ... 
2019-03-21 09:34:46 +0000  4385 bytes for ./Payload/RootDirectory.app/SmartTeamCell.nib
2019-03-21 09:34:46 +0000  copying file ./Payload/RootDirectory.app/ClassDetailHeadView.nib/objects-11.0+.nib ... 
2019-03-21 09:34:46 +0000  8150 bytes for ./Payload/RootDirectory.app/ClassDetailHeadView.nib/objects-11.0+.nib
2019-03-21 09:34:46 +0000  copying file ./Payload/RootDirectory.app/ClassDetailHeadView.nib/runtime.nib ... 
2019-03-21 09:34:46 +0000  7485 bytes for ./Payload/RootDirectory.app/ClassDetailHeadView.nib/runtime.nib
2019-03-21 09:34:46 +0000  copying file ./Payload/RootDirectory.app/ClassDetailSectionHeadView.nib/objects-11.0+.nib ... 
2019-03-21 09:34:46 +0000  3454 bytes for ./Payload/RootDirectory.app/ClassDetailSectionHeadView.nib/objects-11.0+.nib
2019-03-21 09:34:46 +0000  copying file ./Payload/RootDirectory.app/ClassDetailSectionHeadView.nib/runtime.nib ... 
2019-03-21 09:34:46 +0000  2789 bytes for ./Payload/RootDirectory.app/ClassDetailSectionHeadView.nib/runtime.nib
2019-03-21 09:34:46 +0000  copying file ./Payload/RootDirectory.app/AboutFinishClassCell.nib ... 
2019-03-21 09:34:46 +0000  5604 bytes for ./Payload/RootDirectory.app/AboutFinishClassCell.nib
2019-03-21 09:34:46 +0000  copying file ./Payload/RootDirectory.app/NorEnterSectionView.nib/objects-11.0+.nib ... 
2019-03-21 09:34:46 +0000  5964 bytes for ./Payload/RootDirectory.app/NorEnterSectionView.nib/objects-11.0+.nib
2019-03-21 09:34:46 +0000  copying file ./Payload/RootDirectory.app/NorEnterSectionView.nib/runtime.nib ... 
2019-03-21 09:34:46 +0000  5298 bytes for ./Payload/RootDirectory.app/NorEnterSectionView.nib/runtime.nib
2019-03-21 09:34:46 +0000  copying file ./Payload/RootDirectory.app/ChangeCourseView.nib/objects-11.0+.nib ... 
2019-03-21 09:34:46 +0000  6868 bytes for ./Payload/RootDirectory.app/ChangeCourseView.nib/objects-11.0+.nib
copying file ./Payload/RootDirectory.app/ChangeCourseView.nib/runtime.nib ... 
2019-03-21 09:34:46 +0000  6340 bytes for ./Payload/RootDirectory.app/ChangeCourseView.nib/runtime.nib
2019-03-21 09:34:46 +0000  copying file ./Payload/RootDirectory.app/ClassTeamCell.nib ... 
2019-03-21 09:34:46 +0000  6498 bytes for ./Payload/RootDirectory.app/ClassTeamCell.nib
2019-03-21 09:34:46 +0000  copying file ./Payload/RootDirectory.app/ClassTimeCell.nib ... 
2019-03-21 09:34:46 +0000  5249 bytes for ./Payload/RootDirectory.app/ClassTimeCell.nib
2019-03-21 09:34:46 +0000  copying file ./Payload/RootDirectory.app/RankListSectionHeadView.nib/objects-11.0+.nib ... 
2019-03-21 09:34:46 +0000  3515 bytes for ./Payload/RootDirectory.app/RankListSectionHeadView.nib/objects-11.0+.nib
2019-03-21 09:34:46 +0000  copying file ./Payload/RootDirectory.app/RankListSectionHeadView.nib/runtime.nib ... 
2019-03-21 09:34:46 +0000  2851 bytes for ./Payload/RootDirectory.app/RankListSectionHeadView.nib/runtime.nib
2019-03-21 09:34:46 +0000  copying file ./Payload/RootDirectory.app/SmartTeamHeadView.nib/objects-11.0+.nib ... 
2019-03-21 09:34:46 +0000  3604 bytes for ./Payload/RootDirectory.app/SmartTeamHeadView.nib/objects-11.0+.nib
2019-03-21 09:34:46 +0000  copying file ./Payload/RootDirectory.app/SmartTeamHeadView.nib/runtime.nib ... 
2019-03-21 09:34:46 +0000  2939 bytes for ./Payload/RootDirectory.app/SmartTeamHeadView.nib/runtime.nib
2019-03-21 09:34:46 +0000  copying file ./Payload/RootDirectory.app/TZImagePickerController.bundle/takePicture@2x.png ... 
2019-03-21 09:34:46 +0000  3054 bytes for ./Payload/RootDirectory.app/TZImagePickerController.bundle/takePicture@2x.png
2019-03-21 09:34:46 +0000  copying file ./Payload/RootDirectory.app/TZImagePickerController.bundle/zh-Hans.lproj/Localizable.strings ... 
2019-03-21 09:34:46 +0000  1902 bytes for ./Payload/RootDirectory.app/TZImagePickerController.bundle/zh-Hans.lproj/Localizable.strings
copying file ./Payload/RootDirectory.app/TZImagePickerController.bundle/photo_sel_photoPickerVc@2x.png ... 
2019-03-21 09:34:46 +0000  1006 bytes for ./Payload/RootDirectory.app/TZImagePickerController.bundle/photo_sel_photoPickerVc@2x.png
2019-03-21 09:34:46 +0000  copying file ./Payload/RootDirectory.app/TZImagePickerController.bundle/en.lproj/Localizable.strings ... 
2019-03-21 09:34:46 +0000  2594 bytes for ./Payload/RootDirectory.app/TZImagePickerController.bundle/en.lproj/Localizable.strings
copying file ./Payload/RootDirectory.app/TZImagePickerController.bundle/MMVideoPreviewPlayHL@2x.png ... 
2019-03-21 09:34:46 +0000  3645 bytes for ./Payload/RootDirectory.app/TZImagePickerController.bundle/MMVideoPreviewPlayHL@2x.png
2019-03-21 09:34:46 +0000  copying file ./Payload/RootDirectory.app/TZImagePickerController.bundle/photo_sel_previewVc@2x.png ... 
2019-03-21 09:34:46 +0000  1183 bytes for ./Payload/RootDirectory.app/TZImagePickerController.bundle/photo_sel_previewVc@2x.png
copying file ./Payload/RootDirectory.app/TZImagePickerController.bundle/MMVideoPreviewPlay@2x.png ... 
2019-03-21 09:34:46 +0000  3645 bytes for ./Payload/RootDirectory.app/TZImagePickerController.bundle/MMVideoPreviewPlay@2x.png
2019-03-21 09:34:46 +0000  copying file ./Payload/RootDirectory.app/TZImagePickerController.bundle/preview_original_def@2x.png ... 
392 bytes for ./Payload/RootDirectory.app/TZImagePickerController.bundle/preview_original_def@2x.png
2019-03-21 09:34:46 +0000  copying file ./Payload/RootDirectory.app/TZImagePickerController.bundle/photo_def_previewVc@2x.png ... 
2019-03-21 09:34:46 +0000  1155 bytes for ./Payload/RootDirectory.app/TZImagePickerController.bundle/photo_def_previewVc@2x.png
copying file ./Payload/RootDirectory.app/TZImagePickerController.bundle/photo_original_sel@2x.png ... 
2019-03-21 09:34:46 +0000  620 bytes for ./Payload/RootDirectory.app/TZImagePickerController.bundle/photo_original_sel@2x.png
copying file ./Payload/RootDirectory.app/TZImagePickerController.bundle/zh-Hant.lproj/Localizable.strings ... 
2019-03-21 09:34:46 +0000  1902 bytes for ./Payload/RootDirectory.app/TZImagePickerController.bundle/zh-Hant.lproj/Localizable.strings
2019-03-21 09:34:46 +0000  copying file ./Payload/RootDirectory.app/TZImagePickerController.bundle/takePicture80@2x.png ... 
2019-03-21 09:34:46 +0000  1285 bytes for ./Payload/RootDirectory.app/TZImagePickerController.bundle/takePicture80@2x.png
copying file ./Payload/RootDirectory.app/TZImagePickerController.bundle/photo_def_photoPickerVc@2x.png ... 
2019-03-21 09:34:46 +0000  1155 bytes for ./Payload/RootDirectory.app/TZImagePickerController.bundle/photo_def_photoPickerVc@2x.png
2019-03-21 09:34:46 +0000  copying file ./Payload/RootDirectory.app/TZImagePickerController.bundle/preview_number_icon@2x.png ... 
501 bytes for ./Payload/RootDirectory.app/TZImagePickerController.bundle/preview_number_icon@2x.png
2019-03-21 09:34:46 +0000  copying file ./Payload/RootDirectory.app/TZImagePickerController.bundle/vi.lproj/Localizable.strings ... 
2019-03-21 09:34:46 +0000  1614 bytes for ./Payload/RootDirectory.app/TZImagePickerController.bundle/vi.lproj/Localizable.strings
copying file ./Payload/RootDirectory.app/TZImagePickerController.bundle/navi_back@2x.png ... 
2019-03-21 09:34:46 +0000  116 bytes for ./Payload/RootDirectory.app/TZImagePickerController.bundle/navi_back@2x.png
copying file ./Payload/RootDirectory.app/TZImagePickerController.bundle/photo_original_def@2x.png ... 
2019-03-21 09:34:46 +0000  1602 bytes for ./Payload/RootDirectory.app/TZImagePickerController.bundle/photo_original_def@2x.png
copying file ./Payload/RootDirectory.app/TZImagePickerController.bundle/Root.plist ... 
2019-03-21 09:34:46 +0000  1456 bytes for ./Payload/RootDirectory.app/TZImagePickerController.bundle/Root.plist
2019-03-21 09:34:46 +0000  copying file ./Payload/RootDirectory.app/TZImagePickerController.bundle/photo_number_icon@2x.png ... 
2019-03-21 09:34:46 +0000  501 bytes for ./Payload/RootDirectory.app/TZImagePickerController.bundle/photo_number_icon@2x.png
copying file ./Payload/RootDirectory.app/TZImagePickerController.bundle/VideoSendIcon@2x.png ... 
2019-03-21 09:34:46 +0000  223 bytes for ./Payload/RootDirectory.app/TZImagePickerController.bundle/VideoSendIcon@2x.png
2019-03-21 09:34:46 +0000  copying file ./Payload/RootDirectory.app/SmartTimeView.nib/objects-11.0+.nib ... 
2019-03-21 09:34:46 +0000  5393 bytes for ./Payload/RootDirectory.app/SmartTimeView.nib/objects-11.0+.nib
2019-03-21 09:34:46 +0000  copying file ./Payload/RootDirectory.app/SmartTimeView.nib/runtime.nib ... 
2019-03-21 09:34:46 +0000  4734 bytes for ./Payload/RootDirectory.app/SmartTimeView.nib/runtime.nib
2019-03-21 09:34:46 +0000  copying file ./Payload/RootDirectory.app/AppIcon29x29~ipad.png ... 
2019-03-21 09:34:46 +0000  1495 bytes for ./Payload/RootDirectory.app/AppIcon29x29~ipad.png
copying file ./Payload/RootDirectory.app/StudentHeadView.nib/objects-11.0+.nib ... 
2019-03-21 09:34:46 +0000  5772 bytes for ./Payload/RootDirectory.app/StudentHeadView.nib/objects-11.0+.nib
2019-03-21 09:34:46 +0000  copying file ./Payload/RootDirectory.app/StudentHeadView.nib/runtime.nib ... 
2019-03-21 09:34:46 +0000  5111 bytes for ./Payload/RootDirectory.app/StudentHeadView.nib/runtime.nib
2019-03-21 09:34:46 +0000  copying file ./Payload/RootDirectory.app/AboutCell.nib ... 
2019-03-21 09:34:46 +0000  3394 bytes for ./Payload/RootDirectory.app/AboutCell.nib
2019-03-21 09:34:46 +0000  copying file ./Payload/RootDirectory.app/SuspandOrFinsihView.nib/objects-11.0+.nib ... 
2019-03-21 09:34:46 +0000  16087 bytes for ./Payload/RootDirectory.app/SuspandOrFinsihView.nib/objects-11.0+.nib
2019-03-21 09:34:46 +0000  copying file ./Payload/RootDirectory.app/SuspandOrFinsihView.nib/runtime.nib ... 
2019-03-21 09:34:46 +0000  15423 bytes for ./Payload/RootDirectory.app/SuspandOrFinsihView.nib/runtime.nib
2019-03-21 09:34:46 +0000  copying file ./Payload/RootDirectory.app/AffirmTeamView.nib/objects-11.0+.nib ... 
2019-03-21 09:34:46 +0000  9461 bytes for ./Payload/RootDirectory.app/AffirmTeamView.nib/objects-11.0+.nib
2019-03-21 09:34:46 +0000  copying file ./Payload/RootDirectory.app/AffirmTeamView.nib/runtime.nib ... 
2019-03-21 09:34:46 +0000  8799 bytes for ./Payload/RootDirectory.app/AffirmTeamView.nib/runtime.nib
2019-03-21 09:34:46 +0000  copying file ./Payload/RootDirectory.app/AboutFinishClassSectionView.nib/objects-11.0+.nib ... 
2019-03-21 09:34:46 +0000  4318 bytes for ./Payload/RootDirectory.app/AboutFinishClassSectionView.nib/objects-11.0+.nib
2019-03-21 09:34:46 +0000  copying file ./Payload/RootDirectory.app/AboutFinishClassSectionView.nib/runtime.nib ... 
2019-03-21 09:34:46 +0000  3648 bytes for ./Payload/RootDirectory.app/AboutFinishClassSectionView.nib/runtime.nib
2019-03-21 09:34:46 +0000  copying file ./Payload/RootDirectory.app/MyBottomView.nib/objects-11.0+.nib ... 
2019-03-21 09:34:46 +0000  2711 bytes for ./Payload/RootDirectory.app/MyBottomView.nib/objects-11.0+.nib
copying file ./Payload/RootDirectory.app/MyBottomView.nib/runtime.nib ... 
2019-03-21 09:34:46 +0000  2051 bytes for ./Payload/RootDirectory.app/MyBottomView.nib/runtime.nib
2019-03-21 09:34:46 +0000  copying file ./Payload/RootDirectory.app/SmartTeamBottomView.nib/objects-11.0+.nib ... 
2019-03-21 09:34:46 +0000  3802 bytes for ./Payload/RootDirectory.app/SmartTeamBottomView.nib/objects-11.0+.nib
2019-03-21 09:34:46 +0000  copying file ./Payload/RootDirectory.app/SmartTeamBottomView.nib/runtime.nib ... 
2019-03-21 09:34:46 +0000  3139 bytes for ./Payload/RootDirectory.app/SmartTeamBottomView.nib/runtime.nib
2019-03-21 09:34:46 +0000  copying file ./Payload/RootDirectory.app/ObtainCoinTeamCell.nib ... 
2019-03-21 09:34:46 +0000  8584 bytes for ./Payload/RootDirectory.app/ObtainCoinTeamCell.nib
2019-03-21 09:34:46 +0000  copying file ./Payload/RootDirectory.app/AAJSFiles.bundle/AAHighchartsLib.js ... 
2019-03-21 09:34:46 +0000  192188 bytes for ./Payload/RootDirectory.app/AAJSFiles.bundle/AAHighchartsLib.js
2019-03-21 09:34:46 +0000  copying file ./Payload/RootDirectory.app/AAJSFiles.bundle/AAHighchartsMore.js ... 
2019-03-21 09:34:46 +0000  26968 bytes for ./Payload/RootDirectory.app/AAJSFiles.bundle/AAHighchartsMore.js
copying file ./Payload/RootDirectory.app/AAJSFiles.bundle/AAFunnel.js ... 
2019-03-21 09:34:46 +0000  2059 bytes for ./Payload/RootDirectory.app/AAJSFiles.bundle/AAFunnel.js
copying file ./Payload/RootDirectory.app/AAJSFiles.bundle/AAHighcharts-3d.js ... 
2019-03-21 09:34:46 +0000  21753 bytes for ./Payload/RootDirectory.app/AAJSFiles.bundle/AAHighcharts-3d.js
copying file ./Payload/RootDirectory.app/AAJSFiles.bundle/AAChartView.html ... 
2019-03-21 09:34:46 +0000  14586 bytes for ./Payload/RootDirectory.app/AAJSFiles.bundle/AAChartView.html
2019-03-21 09:34:46 +0000  copying file ./Payload/RootDirectory.app/TagPhotoCell.nib ... 
2019-03-21 09:34:46 +0000  3799 bytes for ./Payload/RootDirectory.app/TagPhotoCell.nib
copying file ./Payload/RootDirectory.app/ClassStatusCell.nib ... 
2019-03-21 09:34:46 +0000  4563 bytes for ./Payload/RootDirectory.app/ClassStatusCell.nib
2019-03-21 09:34:46 +0000  copying file ./Payload/RootDirectory.app/ClassCell.nib ... 
2019-03-21 09:34:46 +0000  9102 bytes for ./Payload/RootDirectory.app/ClassCell.nib
2019-03-21 09:34:46 +0000  copying file ./Payload/RootDirectory.app/Base.lproj/Main.storyboardc/t8W-K3-S5R-view-JiO-Ov-WSX.nib ... 
2019-03-21 09:34:46 +0000  1805 bytes for ./Payload/RootDirectory.app/Base.lproj/Main.storyboardc/t8W-K3-S5R-view-JiO-Ov-WSX.nib
copying file ./Payload/RootDirectory.app/Base.lproj/Main.storyboardc/k56-dm-I5N-view-g38-AL-26a.nib ... 
2019-03-21 09:34:46 +0000  1791 bytes for ./Payload/RootDirectory.app/Base.lproj/Main.storyboardc/k56-dm-I5N-view-g38-AL-26a.nib
2019-03-21 09:34:46 +0000  copying file ./Payload/RootDirectory.app/Base.lproj/Main.storyboardc/RootTabBarViewController.nib ... 
2019-03-21 09:34:46 +0000  1413 bytes for ./Payload/RootDirectory.app/Base.lproj/Main.storyboardc/RootTabBarViewController.nib
copying file ./Payload/RootDirectory.app/Base.lproj/Main.storyboardc/45c-aw-2hg-view-ODP-3f-XIz.nib ... 
2019-03-21 09:34:46 +0000  1798 bytes for ./Payload/RootDirectory.app/Base.lproj/Main.storyboardc/45c-aw-2hg-view-ODP-3f-XIz.nib
copying file ./Payload/RootDirectory.app/Base.lproj/Main.storyboardc/01w-Qh-tSC-view-MQK-lY-bZh.nib ... 
2019-03-21 09:34:46 +0000  1790 bytes for ./Payload/RootDirectory.app/Base.lproj/Main.storyboardc/01w-Qh-tSC-view-MQK-lY-bZh.nib
2019-03-21 09:34:46 +0000  copying file ./Payload/RootDirectory.app/Base.lproj/Main.storyboardc/StartViewController.nib ... 
2019-03-21 09:34:46 +0000  1500 bytes for ./Payload/RootDirectory.app/Base.lproj/Main.storyboardc/StartViewController.nib
copying file ./Payload/RootDirectory.app/Base.lproj/Main.storyboardc/StundentViewController.nib ... 
2019-03-21 09:34:46 +0000  1031 bytes for ./Payload/RootDirectory.app/Base.lproj/Main.storyboardc/StundentViewController.nib
copying file ./Payload/RootDirectory.app/Base.lproj/Main.storyboardc/MyController.nib ... 
1021 bytes for ./Payload/RootDirectory.app/Base.lproj/Main.storyboardc/MyController.nib
2019-03-21 09:34:46 +0000  copying file ./Payload/RootDirectory.app/Base.lproj/Main.storyboardc/ma9-Dw-1lw-view-Chc-4C-VlP.nib ... 
2019-03-21 09:34:46 +0000  1791 bytes for ./Payload/RootDirectory.app/Base.lproj/Main.storyboardc/ma9-Dw-1lw-view-Chc-4C-VlP.nib
copying file ./Payload/RootDirectory.app/Base.lproj/Main.storyboardc/RootNaviViewController.nib ... 
2019-03-21 09:34:46 +0000  1633 bytes for ./Payload/RootDirectory.app/Base.lproj/Main.storyboardc/RootNaviViewController.nib
copying file ./Payload/RootDirectory.app/Base.lproj/Main.storyboardc/vXZ-lx-hvc-view-kh9-bI-dsS.nib ... 
2019-03-21 09:34:46 +0000  2250 bytes for ./Payload/RootDirectory.app/Base.lproj/Main.storyboardc/vXZ-lx-hvc-view-kh9-bI-dsS.nib
copying file ./Payload/RootDirectory.app/Base.lproj/Main.storyboardc/PannelViewController.nib ... 
2019-03-21 09:34:46 +0000  1029 bytes for ./Payload/RootDirectory.app/Base.lproj/Main.storyboardc/PannelViewController.nib
2019-03-21 09:34:46 +0000  copying file ./Payload/RootDirectory.app/Base.lproj/Main.storyboardc/TeactherViewController.nib ... 
1031 bytes for ./Payload/RootDirectory.app/Base.lproj/Main.storyboardc/TeactherViewController.nib
2019-03-21 09:34:46 +0000  copying file ./Payload/RootDirectory.app/Base.lproj/Main.storyboardc/Info.plist ... 
531 bytes for ./Payload/RootDirectory.app/Base.lproj/Main.storyboardc/Info.plist
2019-03-21 09:34:46 +0000  copying file ./Payload/RootDirectory.app/ChangeCourseCell.nib ... 
2019-03-21 09:34:46 +0000  3014 bytes for ./Payload/RootDirectory.app/ChangeCourseCell.nib
2019-03-21 09:34:46 +0000  copying file ./Payload/RootDirectory.app/ObtainCoinSectionHeadView.nib/objects-11.0+.nib ... 
2019-03-21 09:34:46 +0000  4333 bytes for ./Payload/RootDirectory.app/ObtainCoinSectionHeadView.nib/objects-11.0+.nib
2019-03-21 09:34:46 +0000  copying file ./Payload/RootDirectory.app/ObtainCoinSectionHeadView.nib/runtime.nib ... 
2019-03-21 09:34:46 +0000  3669 bytes for ./Payload/RootDirectory.app/ObtainCoinSectionHeadView.nib/runtime.nib
2019-03-21 09:34:46 +0000  copying file ./Payload/RootDirectory.app/StudentLeaveView.nib/objects-11.0+.nib ... 
2019-03-21 09:34:46 +0000  9491 bytes for ./Payload/RootDirectory.app/StudentLeaveView.nib/objects-11.0+.nib
2019-03-21 09:34:46 +0000  copying file ./Payload/RootDirectory.app/StudentLeaveView.nib/runtime.nib ... 
2019-03-21 09:34:46 +0000  8824 bytes for ./Payload/RootDirectory.app/StudentLeaveView.nib/runtime.nib
2019-03-21 09:34:46 +0000  copying file ./Payload/RootDirectory.app/StudentSectionHeadView.nib/objects-11.0+.nib ... 
2019-03-21 09:34:46 +0000  3055 bytes for ./Payload/RootDirectory.app/StudentSectionHeadView.nib/objects-11.0+.nib
2019-03-21 09:34:46 +0000  copying file ./Payload/RootDirectory.app/StudentSectionHeadView.nib/runtime.nib ... 
2019-03-21 09:34:46 +0000  2391 bytes for ./Payload/RootDirectory.app/StudentSectionHeadView.nib/runtime.nib
copying file ./Payload/RootDirectory.app/LaunchImage-Landscape~ipad.png ... 
2019-03-21 09:34:46 +0000  61294 bytes for ./Payload/RootDirectory.app/LaunchImage-Landscape~ipad.png
2019-03-21 09:34:46 +0000  copying file ./Payload/RootDirectory.app/GrammarExplainView.nib/objects-11.0+.nib ... 
2019-03-21 09:34:46 +0000  6738 bytes for ./Payload/RootDirectory.app/GrammarExplainView.nib/objects-11.0+.nib
2019-03-21 09:34:46 +0000  copying file ./Payload/RootDirectory.app/GrammarExplainView.nib/runtime.nib ... 
2019-03-21 09:34:46 +0000  6072 bytes for ./Payload/RootDirectory.app/GrammarExplainView.nib/runtime.nib
2019-03-21 09:34:46 +0000  copying file ./Payload/RootDirectory.app/ClassingTimeView.nib/objects-11.0+.nib ... 
2019-03-21 09:34:46 +0000  5465 bytes for ./Payload/RootDirectory.app/ClassingTimeView.nib/objects-11.0+.nib
2019-03-21 09:34:46 +0000  copying file ./Payload/RootDirectory.app/ClassingTimeView.nib/runtime.nib ... 
2019-03-21 09:34:46 +0000  4806 bytes for ./Payload/RootDirectory.app/ClassingTimeView.nib/runtime.nib
2019-03-21 09:34:46 +0000  copying file ./Payload/RootDirectory.app/icon_search_clear@2x.png ... 
2019-03-21 09:34:46 +0000  1456 bytes for ./Payload/RootDirectory.app/icon_search_clear@2x.png
copying file ./Payload/RootDirectory.app/SearchClassCell.nib ... 
2019-03-21 09:34:46 +0000  4371 bytes for ./Payload/RootDirectory.app/SearchClassCell.nib
2019-03-21 09:34:46 +0000  copying file ./Payload/RootDirectory.app/Assets.car ... 
2019-03-21 09:34:46 +0000  4156696 bytes for ./Payload/RootDirectory.app/Assets.car
copying file ./Payload/RootDirectory.app/teacherproduct2.mobileprovision ... 
2019-03-21 09:34:46 +0000  7556 bytes for ./Payload/RootDirectory.app/teacherproduct2.mobileprovision
copying file ./Payload/RootDirectory.app/AppIcon40x40@2x~ipad.png ... 
6975 bytes for ./Payload/RootDirectory.app/AppIcon40x40@2x~ipad.png
copying file ./Payload/RootDirectory.app/AppIcon76x76@2x~ipad.png ... 
2019-03-21 09:34:46 +0000  16394 bytes for ./Payload/RootDirectory.app/AppIcon76x76@2x~ipad.png
copying file ./Payload/RootDirectory.app/ClassingTeamCell.nib ... 
2019-03-21 09:34:46 +0000  6654 bytes for ./Payload/RootDirectory.app/ClassingTeamCell.nib
2019-03-21 09:34:46 +0000  copying file ./Payload/RootDirectory.app/SplendidMomentHeadView.nib/objects-11.0+.nib ... 
2019-03-21 09:34:46 +0000  9822 bytes for ./Payload/RootDirectory.app/SplendidMomentHeadView.nib/objects-11.0+.nib
copying file ./Payload/RootDirectory.app/SplendidMomentHeadView.nib/runtime.nib ... 
2019-03-21 09:34:46 +0000  9161 bytes for ./Payload/RootDirectory.app/SplendidMomentHeadView.nib/runtime.nib
2019-03-21 09:34:46 +0000  copying file ./Payload/RootDirectory.app/icon_search_clear@3x.png ... 
2019-03-21 09:34:46 +0000  2287 bytes for ./Payload/RootDirectory.app/icon_search_clear@3x.png
copying file ./Payload/RootDirectory.app/PersonCell.nib ... 
2019-03-21 09:34:46 +0000  7797 bytes for ./Payload/RootDirectory.app/PersonCell.nib
2019-03-21 09:34:46 +0000  copying file ./Payload/RootDirectory.app/TeacherCell.nib ... 
2019-03-21 09:34:46 +0000  5286 bytes for ./Payload/RootDirectory.app/TeacherCell.nib
copying file ./Payload/RootDirectory.app/LaunchImage-Landscape@2x~ipad.png ... 
2019-03-21 09:34:46 +0000  147697 bytes for ./Payload/RootDirectory.app/LaunchImage-Landscape@2x~ipad.png
2019-03-21 09:34:46 +0000  copying file ./Payload/RootDirectory.app/ChangeTagView.nib/objects-11.0+.nib ... 
2019-03-21 09:34:46 +0000  4421 bytes for ./Payload/RootDirectory.app/ChangeTagView.nib/objects-11.0+.nib
copying file ./Payload/RootDirectory.app/ChangeTagView.nib/runtime.nib ... 
2019-03-21 09:34:46 +0000  3760 bytes for ./Payload/RootDirectory.app/ChangeTagView.nib/runtime.nib
copying file ./Payload/RootDirectory.app/SmartTeamQuestionView.nib/objects-11.0+.nib ... 
2019-03-21 09:34:46 +0000  6304 bytes for ./Payload/RootDirectory.app/SmartTeamQuestionView.nib/objects-11.0+.nib
copying file ./Payload/RootDirectory.app/SmartTeamQuestionView.nib/runtime.nib ... 
2019-03-21 09:34:46 +0000  5643 bytes for ./Payload/RootDirectory.app/SmartTeamQuestionView.nib/runtime.nib
2019-03-21 09:34:46 +0000  copying file ./Payload/RootDirectory.app/NorClassSectionView.nib/objects-11.0+.nib ... 
2019-03-21 09:34:46 +0000  5328 bytes for ./Payload/RootDirectory.app/NorClassSectionView.nib/objects-11.0+.nib
copying file ./Payload/RootDirectory.app/NorClassSectionView.nib/runtime.nib ... 
2019-03-21 09:34:46 +0000  4654 bytes for ./Payload/RootDirectory.app/NorClassSectionView.nib/runtime.nib
2019-03-21 09:34:46 +0000  copying file ./Payload/RootDirectory.app/WordExplainView.nib/objects-11.0+.nib ... 
2019-03-21 09:34:46 +0000  6408 bytes for ./Payload/RootDirectory.app/WordExplainView.nib/objects-11.0+.nib
2019-03-21 09:34:46 +0000  copying file ./Payload/RootDirectory.app/WordExplainView.nib/runtime.nib ... 
2019-03-21 09:34:46 +0000  5735 bytes for ./Payload/RootDirectory.app/WordExplainView.nib/runtime.nib
2019-03-21 09:34:46 +0000  copying file ./Payload/RootDirectory.app/RankingListCell.nib ... 
2019-03-21 09:34:46 +0000  5919 bytes for ./Payload/RootDirectory.app/RankingListCell.nib
2019-03-21 09:34:46 +0000  copying file ./Payload/RootDirectory.app/StudentScheduleView.nib/objects-11.0+.nib ... 
2019-03-21 09:34:46 +0000  5783 bytes for ./Payload/RootDirectory.app/StudentScheduleView.nib/objects-11.0+.nib
2019-03-21 09:34:46 +0000  copying file ./Payload/RootDirectory.app/StudentScheduleView.nib/runtime.nib ... 
2019-03-21 09:34:46 +0000  5113 bytes for ./Payload/RootDirectory.app/StudentScheduleView.nib/runtime.nib
2019-03-21 09:34:46 +0000  copying file ./Payload/RootDirectory.app/ClassOverSectionView.nib/objects-11.0+.nib ... 
2019-03-21 09:34:46 +0000  4861 bytes for ./Payload/RootDirectory.app/ClassOverSectionView.nib/objects-11.0+.nib
2019-03-21 09:34:46 +0000  copying file ./Payload/RootDirectory.app/ClassOverSectionView.nib/runtime.nib ... 
2019-03-21 09:34:46 +0000  4197 bytes for ./Payload/RootDirectory.app/ClassOverSectionView.nib/runtime.nib
2019-03-21 09:34:46 +0000  copying file ./Payload/RootDirectory.app/ClassDetailButtonView.nib/objects-11.0+.nib ... 
2019-03-21 09:34:46 +0000  3218 bytes for ./Payload/RootDirectory.app/ClassDetailButtonView.nib/objects-11.0+.nib
2019-03-21 09:34:46 +0000  copying file ./Payload/RootDirectory.app/ClassDetailButtonView.nib/runtime.nib ... 
2019-03-21 09:34:46 +0000  2549 bytes for ./Payload/RootDirectory.app/ClassDetailButtonView.nib/runtime.nib
copying file ./Payload/RootDirectory.app/AppIcon29x29@2x~ipad.png ... 
2019-03-21 09:34:46 +0000  4214 bytes for ./Payload/RootDirectory.app/AppIcon29x29@2x~ipad.png
2019-03-21 09:34:46 +0000  copying file ./Payload/RootDirectory.app/ProductDetailView.nib/objects-11.0+.nib ... 
2019-03-21 09:34:46 +0000  5824 bytes for ./Payload/RootDirectory.app/ProductDetailView.nib/objects-11.0+.nib
2019-03-21 09:34:46 +0000  copying file ./Payload/RootDirectory.app/ProductDetailView.nib/runtime.nib ... 
2019-03-21 09:34:46 +0000  5158 bytes for ./Payload/RootDirectory.app/ProductDetailView.nib/runtime.nib
2019-03-21 09:34:46 +0000  copying file ./Payload/RootDirectory.app/LearnMoreView.nib/objects-11.0+.nib ... 
2019-03-21 09:34:46 +0000  6858 bytes for ./Payload/RootDirectory.app/LearnMoreView.nib/objects-11.0+.nib
2019-03-21 09:34:46 +0000  copying file ./Payload/RootDirectory.app/LearnMoreView.nib/runtime.nib ... 
2019-03-21 09:34:46 +0000  6194 bytes for ./Payload/RootDirectory.app/LearnMoreView.nib/runtime.nib
2019-03-21 09:34:46 +0000  copying file ./Payload/RootDirectory.app/SplendidMomentCell.nib/objects-11.0+.nib ... 
2019-03-21 09:34:46 +0000  5818 bytes for ./Payload/RootDirectory.app/SplendidMomentCell.nib/objects-11.0+.nib
2019-03-21 09:34:46 +0000  copying file ./Payload/RootDirectory.app/SplendidMomentCell.nib/runtime.nib ... 
2019-03-21 09:34:46 +0000  5793 bytes for ./Payload/RootDirectory.app/SplendidMomentCell.nib/runtime.nib
2019-03-21 09:34:46 +0000  copying file ./Payload/RootDirectory.app/AppIcon40x40~ipad.png ... 
2019-03-21 09:34:46 +0000  2352 bytes for ./Payload/RootDirectory.app/AppIcon40x40~ipad.png
copying file ./Payload/RootDirectory.app/AwardCoinView.nib/objects-11.0+.nib ... 
2019-03-21 09:34:46 +0000  11057 bytes for ./Payload/RootDirectory.app/AwardCoinView.nib/objects-11.0+.nib
2019-03-21 09:34:46 +0000  copying file ./Payload/RootDirectory.app/AwardCoinView.nib/runtime.nib ... 
2019-03-21 09:34:46 +0000  10383 bytes for ./Payload/RootDirectory.app/AwardCoinView.nib/runtime.nib
2019-03-21 09:34:46 +0000  copying file ./Payload/RootDirectory.app/AppIcon20x20~ipad.png ... 
2019-03-21 09:34:46 +0000  879 bytes for ./Payload/RootDirectory.app/AppIcon20x20~ipad.png
copying file ./Payload/RootDirectory.app/WordKingView.nib/objects-11.0+.nib ... 
2019-03-21 09:34:46 +0000  6095 bytes for ./Payload/RootDirectory.app/WordKingView.nib/objects-11.0+.nib
2019-03-21 09:34:46 +0000  copying file ./Payload/RootDirectory.app/WordKingView.nib/runtime.nib ... 
2019-03-21 09:34:46 +0000  5431 bytes for ./Payload/RootDirectory.app/WordKingView.nib/runtime.nib
2019-03-21 09:34:46 +0000  copying file ./Payload/RootDirectory.app/ClassingHeadView.nib/objects-11.0+.nib ... 
2019-03-21 09:34:46 +0000  9941 bytes for ./Payload/RootDirectory.app/ClassingHeadView.nib/objects-11.0+.nib
2019-03-21 09:34:46 +0000  copying file ./Payload/RootDirectory.app/ClassingHeadView.nib/runtime.nib ... 
2019-03-21 09:34:46 +0000  9280 bytes for ./Payload/RootDirectory.app/ClassingHeadView.nib/runtime.nib
2019-03-21 09:34:46 +0000  copying file ./Payload/RootDirectory.app/MyHeadView.nib/objects-11.0+.nib ... 
2019-03-21 09:34:46 +0000  5940 bytes for ./Payload/RootDirectory.app/MyHeadView.nib/objects-11.0+.nib
2019-03-21 09:34:46 +0000  copying file ./Payload/RootDirectory.app/MyHeadView.nib/runtime.nib ... 
2019-03-21 09:34:46 +0000  5272 bytes for ./Payload/RootDirectory.app/MyHeadView.nib/runtime.nib
2019-03-21 09:34:46 +0000  copying file ./Payload/RootDirectory.app/embedded.mobileprovision ... 
2019-03-21 09:34:46 +0000  7556 bytes for ./Payload/RootDirectory.app/embedded.mobileprovision
2019-03-21 09:34:46 +0000  copying file ./Payload/RootDirectory.app/SVProgressHUD.bundle/info.png ... 
2019-03-21 09:34:46 +0000  365 bytes for ./Payload/RootDirectory.app/SVProgressHUD.bundle/info.png
copying file ./Payload/RootDirectory.app/SVProgressHUD.bundle/error@3x.png ... 
2019-03-21 09:34:46 +0000  398 bytes for ./Payload/RootDirectory.app/SVProgressHUD.bundle/error@3x.png
copying file ./Payload/RootDirectory.app/SVProgressHUD.bundle/angle-mask@3x.png ... 
2019-03-21 09:34:46 +0000  8319 bytes for ./Payload/RootDirectory.app/SVProgressHUD.bundle/angle-mask@3x.png
2019-03-21 09:34:46 +0000  copying file ./Payload/RootDirectory.app/SVProgressHUD.bundle/angle-mask@2x.png ... 
2019-03-21 09:34:46 +0000  4893 bytes for ./Payload/RootDirectory.app/SVProgressHUD.bundle/angle-mask@2x.png
copying file ./Payload/RootDirectory.app/SVProgressHUD.bundle/error@2x.png ... 
2019-03-21 09:34:46 +0000  306 bytes for ./Payload/RootDirectory.app/SVProgressHUD.bundle/error@2x.png
copying file ./Payload/RootDirectory.app/SVProgressHUD.bundle/info@3x.png ... 
2019-03-21 09:34:46 +0000  1200 bytes for ./Payload/RootDirectory.app/SVProgressHUD.bundle/info@3x.png
copying file ./Payload/RootDirectory.app/SVProgressHUD.bundle/success@2x.png ... 
2019-03-21 09:34:46 +0000  462 bytes for ./Payload/RootDirectory.app/SVProgressHUD.bundle/success@2x.png
copying file ./Payload/RootDirectory.app/SVProgressHUD.bundle/success@3x.png ... 
2019-03-21 09:34:46 +0000  714 bytes for ./Payload/RootDirectory.app/SVProgressHUD.bundle/success@3x.png
2019-03-21 09:34:46 +0000  copying file ./Payload/RootDirectory.app/SVProgressHUD.bundle/info@2x.png ... 
2019-03-21 09:34:46 +0000  816 bytes for ./Payload/RootDirectory.app/SVProgressHUD.bundle/info@2x.png
copying file ./Payload/RootDirectory.app/SVProgressHUD.bundle/error.png ... 
2019-03-21 09:34:46 +0000  184 bytes for ./Payload/RootDirectory.app/SVProgressHUD.bundle/error.png
copying file ./Payload/RootDirectory.app/SVProgressHUD.bundle/success.png ... 
2019-03-21 09:34:46 +0000  262 bytes for ./Payload/RootDirectory.app/SVProgressHUD.bundle/success.png
copying file ./Payload/RootDirectory.app/SVProgressHUD.bundle/angle-mask.png ... 
2019-03-21 09:34:46 +0000  1845 bytes for ./Payload/RootDirectory.app/SVProgressHUD.bundle/angle-mask.png
2019-03-21 09:34:46 +0000  copying file ./Payload/RootDirectory.app/ClassingTopButtonView.nib/objects-11.0+.nib ... 
2019-03-21 09:34:46 +0000  4677 bytes for ./Payload/RootDirectory.app/ClassingTopButtonView.nib/objects-11.0+.nib
2019-03-21 09:34:46 +0000  copying file ./Payload/RootDirectory.app/ClassingTopButtonView.nib/runtime.nib ... 
2019-03-21 09:34:46 +0000  4007 bytes for ./Payload/RootDirectory.app/ClassingTopButtonView.nib/runtime.nib
2019-03-21 09:34:46 +0000  copying file ./Payload/RootDirectory.app/ClassingTeamSectionView.nib/objects-11.0+.nib ... 
2019-03-21 09:34:46 +0000  5307 bytes for ./Payload/RootDirectory.app/ClassingTeamSectionView.nib/objects-11.0+.nib
2019-03-21 09:34:46 +0000  copying file ./Payload/RootDirectory.app/ClassingTeamSectionView.nib/runtime.nib ... 
2019-03-21 09:34:46 +0000  4653 bytes for ./Payload/RootDirectory.app/ClassingTeamSectionView.nib/runtime.nib
2019-03-21 09:34:46 +0000  copying file ./Payload/RootDirectory.app/AppIcon20x20@2x~ipad.png ... 
2019-03-21 09:34:46 +0000  2352 bytes for ./Payload/RootDirectory.app/AppIcon20x20@2x~ipad.png
copying file ./Payload/RootDirectory.app/Info.plist ... 
2019-03-21 09:34:46 +0000  1897 bytes for ./Payload/RootDirectory.app/Info.plist
2019-03-21 09:34:46 +0000  copying file ./Payload/RootDirectory.app/StudentLearnCell.nib/objects-11.0+.nib ... 
2019-03-21 09:34:46 +0000  3701 bytes for ./Payload/RootDirectory.app/StudentLearnCell.nib/objects-11.0+.nib
2019-03-21 09:34:46 +0000  copying file ./Payload/RootDirectory.app/StudentLearnCell.nib/runtime.nib ... 
2019-03-21 09:34:46 +0000  3663 bytes for ./Payload/RootDirectory.app/StudentLearnCell.nib/runtime.nib
2019-03-21 09:34:46 +0000  copying file ./Payload/RootDirectory.app/TagPhotoAddCell.nib ... 
2019-03-21 09:34:46 +0000  2967 bytes for ./Payload/RootDirectory.app/TagPhotoAddCell.nib
copying file ./Payload/RootDirectory.app/PkgInfo ... 
2019-03-21 09:34:46 +0000  8 bytes for ./Payload/RootDirectory.app/PkgInfo
copying file ./Payload/RootDirectory.app/FocusOnStudentHeadView.nib/objects-11.0+.nib ... 
2019-03-21 09:34:46 +0000  7334 bytes for ./Payload/RootDirectory.app/FocusOnStudentHeadView.nib/objects-11.0+.nib
2019-03-21 09:34:46 +0000  copying file ./Payload/RootDirectory.app/FocusOnStudentHeadView.nib/runtime.nib ... 
2019-03-21 09:34:46 +0000  6671 bytes for ./Payload/RootDirectory.app/FocusOnStudentHeadView.nib/runtime.nib
2019-03-21 09:34:46 +0000  copying file ./Payload/RootDirectory.app/SmartMemberCell.nib/objects-11.0+.nib ... 
2019-03-21 09:34:46 +0000  3802 bytes for ./Payload/RootDirectory.app/SmartMemberCell.nib/objects-11.0+.nib
2019-03-21 09:34:46 +0000  copying file ./Payload/RootDirectory.app/SmartMemberCell.nib/runtime.nib ... 
2019-03-21 09:34:46 +0000  3780 bytes for ./Payload/RootDirectory.app/SmartMemberCell.nib/runtime.nib
2019-03-21 09:34:46 +0000  copying file ./Payload/RootDirectory.app/RankingListTopView.nib/objects-11.0+.nib ... 
2019-03-21 09:34:46 +0000  7343 bytes for ./Payload/RootDirectory.app/RankingListTopView.nib/objects-11.0+.nib
2019-03-21 09:34:46 +0000  copying file ./Payload/RootDirectory.app/RankingListTopView.nib/runtime.nib ... 
2019-03-21 09:34:46 +0000  6674 bytes for ./Payload/RootDirectory.app/RankingListTopView.nib/runtime.nib
2019-03-21 09:34:46 +0000  copying file ./Payload/RootDirectory.app/AppIcon76x76~ipad.png ... 
2019-03-21 09:34:46 +0000  6564 bytes for ./Payload/RootDirectory.app/AppIcon76x76~ipad.png
2019-03-21 09:34:46 +0000  /usr/bin/ditto exited with 0
2019-03-21 09:34:46 +0000  Processing step: IDEDistributionAppStoreInformationStep
2019-03-21 09:34:46 +0000  Skipping step: IDEDistributionAppStoreInformationStep because it said so
2019-03-21 09:34:46 +0000  Processing step: IDEDistributionCreateManifestStep
